TN:
SF:src/controllers/spot.js
FN:17,(anonymous_0)
FN:45,(anonymous_1)
FN:58,(anonymous_2)
FN:81,(anonymous_3)
FN:109,(anonymous_4)
FN:139,(anonymous_5)
FN:160,(anonymous_6)
FN:176,(anonymous_7)
FN:199,(anonymous_8)
FNF:9
FNH:8
FNDA:3,(anonymous_0)
FNDA:3,(anonymous_1)
FNDA:2,(anonymous_2)
FNDA:3,(anonymous_3)
FNDA:4,(anonymous_4)
FNDA:4,(anonymous_5)
FNDA:3,(anonymous_6)
FNDA:4,(anonymous_7)
FNDA:0,(anonymous_8)
DA:17,1
DA:18,3
DA:19,3
DA:20,3
DA:22,3
DA:23,3
DA:24,1
DA:27,2
DA:34,1
DA:35,1
DA:39,1
DA:41,1
DA:45,1
DA:46,3
DA:47,3
DA:48,3
DA:49,3
DA:51,3
DA:52,3
DA:53,1
DA:57,2
DA:58,2
DA:59,2
DA:60,1
DA:65,2
DA:75,2
DA:77,0
DA:81,1
DA:82,3
DA:83,3
DA:84,3
DA:86,3
DA:88,3
DA:89,3
DA:90,1
DA:94,2
DA:95,2
DA:96,1
DA:102,1
DA:103,1
DA:105,0
DA:109,1
DA:110,4
DA:111,4
DA:113,4
DA:115,4
DA:116,4
DA:117,1
DA:121,3
DA:122,3
DA:123,1
DA:129,2
DA:130,1
DA:131,0
DA:133,1
DA:135,1
DA:139,1
DA:140,4
DA:142,4
DA:143,4
DA:144,4
DA:145,1
DA:147,3
DA:148,3
DA:151,2
DA:152,1
DA:154,1
DA:156,1
DA:160,1
DA:161,3
DA:163,3
DA:164,3
DA:165,2
DA:167,2
DA:168,1
DA:170,1
DA:172,1
DA:176,1
DA:177,4
DA:178,4
DA:179,4
DA:180,4
DA:182,3
DA:183,1
DA:186,2
DA:187,1
DA:191,1
DA:192,1
DA:193,1
DA:195,1
DA:199,1
DA:200,0
DA:201,0
DA:202,0
DA:209,0
DA:210,0
DA:212,0
DA:213,0
DA:215,0
LF:99
LH:88
BRDA:23,0,0,1
BRDA:23,0,1,2
BRDA:52,1,0,1
BRDA:52,1,1,2
BRDA:59,2,0,1
BRDA:59,2,1,1
BRDA:89,3,0,1
BRDA:89,3,1,2
BRDA:95,4,0,1
BRDA:95,4,1,1
BRDA:116,5,0,1
BRDA:116,5,1,3
BRDA:122,6,0,1
BRDA:122,6,1,2
BRDA:130,7,0,0
BRDA:130,7,1,1
BRDA:144,8,0,1
BRDA:144,8,1,3
BRDA:151,9,0,1
BRDA:151,9,1,1
BRDA:167,10,0,1
BRDA:167,10,1,1
BRDA:182,11,0,1
BRDA:182,11,1,2
BRDA:186,12,0,1
BRDA:186,12,1,1
BRDA:209,13,0,0
BRDA:209,13,1,0
BRF:28
BRH:25
end_of_record
TN:
SF:src/controllers/transportation.js
FN:3,(anonymous_0)
FNF:1
FNH:1
FNDA:2,(anonymous_0)
DA:3,1
DA:4,2
DA:5,2
DA:6,2
DA:7,1
DA:8,1
DA:10,1
LF:7
LH:7
BRF:0
BRH:0
end_of_record
TN:
SF:src/controllers/tripgroup.js
FN:28,(anonymous_0)
FN:60,(anonymous_1)
FN:76,(anonymous_2)
FN:94,(anonymous_3)
FN:133,(anonymous_4)
FN:159,(anonymous_5)
FN:165,(anonymous_6)
FN:183,(anonymous_7)
FN:192,(anonymous_8)
FN:208,(anonymous_9)
FN:209,(anonymous_10)
FN:233,(anonymous_11)
FN:234,(anonymous_12)
FN:246,(anonymous_13)
FN:247,(anonymous_14)
FN:291,(anonymous_15)
FN:301,(anonymous_16)
FN:310,(anonymous_17)
FN:322,(anonymous_18)
FN:331,(anonymous_19)
FN:350,(anonymous_20)
FN:367,(anonymous_21)
FN:386,(anonymous_22)
FN:404,(anonymous_23)
FNF:24
FNH:23
FNDA:2,(anonymous_0)
FNDA:2,(anonymous_1)
FNDA:2,(anonymous_2)
FNDA:3,(anonymous_3)
FNDA:3,(anonymous_4)
FNDA:0,(anonymous_5)
FNDA:2,(anonymous_6)
FNDA:3,(anonymous_7)
FNDA:1,(anonymous_8)
FNDA:1,(anonymous_9)
FNDA:1,(anonymous_10)
FNDA:1,(anonymous_11)
FNDA:1,(anonymous_12)
FNDA:1,(anonymous_13)
FNDA:1,(anonymous_14)
FNDA:1,(anonymous_15)
FNDA:2,(anonymous_16)
FNDA:1,(anonymous_17)
FNDA:2,(anonymous_18)
FNDA:2,(anonymous_19)
FNDA:1,(anonymous_20)
FNDA:3,(anonymous_21)
FNDA:2,(anonymous_22)
FNDA:2,(anonymous_23)
DA:28,1
DA:30,2
DA:31,2
DA:32,2
DA:33,2
DA:34,2
DA:35,2
DA:36,1
DA:37,1
DA:39,1
DA:40,1
DA:41,2
DA:42,2
DA:43,2
DA:44,0
DA:46,2
DA:47,2
DA:54,1
DA:56,1
DA:60,1
DA:61,2
DA:62,2
DA:63,2
DA:64,2
DA:65,1
DA:70,1
DA:72,0
DA:76,1
DA:77,2
DA:78,2
DA:79,2
DA:80,2
DA:81,2
DA:83,2
DA:84,1
DA:89,1
DA:91,0
DA:94,1
DA:95,3
DA:96,3
DA:97,3
DA:99,3
DA:100,3
DA:102,3
DA:103,1
DA:104,1
DA:109,2
DA:110,1
DA:114,1
DA:118,1
DA:125,1
DA:129,0
DA:133,1
DA:134,3
DA:135,3
DA:136,3
DA:137,3
DA:138,3
DA:139,2
DA:140,1
DA:141,1
DA:146,1
DA:148,1
DA:154,1
DA:159,1
DA:160,0
DA:161,0
DA:162,0
DA:165,1
DA:166,2
DA:168,2
DA:169,2
DA:171,2
DA:172,1
DA:177,1
DA:179,0
DA:183,1
DA:184,3
DA:185,3
DA:186,3
DA:187,3
DA:189,2
DA:190,2
DA:192,2
DA:193,1
DA:194,1
DA:195,1
DA:197,1
DA:198,0
DA:200,1
DA:201,1
DA:204,2
DA:205,2
DA:206,2
DA:208,2
DA:209,1
DA:210,1
DA:211,0
DA:212,0
DA:213,0
DA:215,0
DA:216,0
DA:218,0
DA:219,0
DA:221,0
DA:229,2
DA:230,2
DA:233,2
DA:234,1
DA:235,1
DA:237,1
DA:238,1
DA:243,2
DA:246,2
DA:247,1
DA:248,1
DA:249,1
DA:250,1
DA:255,2
DA:257,2
DA:258,1
DA:259,1
DA:260,1
DA:261,1
DA:262,1
DA:263,1
DA:265,1
DA:270,2
DA:272,2
DA:274,2
DA:279,2
DA:280,1
DA:285,1
DA:287,1
DA:291,1
DA:292,1
DA:293,1
DA:295,1
DA:296,1
DA:298,1
DA:299,1
DA:300,1
DA:301,1
DA:302,2
DA:304,1
DA:306,0
DA:310,1
DA:311,1
DA:312,1
DA:314,1
DA:315,1
DA:318,1
DA:319,1
DA:320,1
DA:321,1
DA:322,1
DA:323,2
DA:325,1
DA:327,0
DA:331,1
DA:332,2
DA:334,2
DA:335,2
DA:337,2
DA:338,1
DA:343,1
DA:345,0
DA:350,1
DA:351,1
DA:352,1
DA:354,1
DA:355,1
DA:356,0
DA:358,0
DA:359,0
DA:361,0
DA:363,1
DA:367,1
DA:368,3
DA:370,3
DA:371,3
DA:373,2
DA:374,1
DA:379,1
DA:381,1
DA:386,1
DA:387,2
DA:388,2
DA:389,2
DA:390,2
DA:391,2
DA:392,2
DA:393,1
DA:394,1
DA:395,1
DA:396,1
DA:398,1
DA:400,1
DA:404,1
DA:405,2
DA:406,2
DA:407,2
DA:408,2
DA:410,1
DA:412,1
LF:205
LH:181
BRDA:43,0,0,0
BRDA:43,0,1,2
BRDA:64,1,0,1
BRDA:64,1,1,1
BRDA:83,2,0,1
BRDA:83,2,1,1
BRDA:102,3,0,1
BRDA:102,3,1,2
BRDA:109,4,0,1
BRDA:109,4,1,1
BRDA:139,5,0,1
BRDA:139,5,1,1
BRDA:171,6,0,1
BRDA:171,6,1,1
BRDA:197,7,0,0
BRDA:197,7,1,1
BRDA:200,8,0,1
BRDA:200,8,1,1
BRDA:201,9,0,1
BRDA:201,9,1,1
BRDA:210,10,0,0
BRDA:210,10,1,1
BRDA:210,11,0,1
BRDA:210,11,1,0
BRDA:215,12,0,0
BRDA:215,12,1,0
BRDA:218,13,0,0
BRDA:218,13,1,0
BRDA:237,14,0,1
BRDA:237,14,1,1
BRDA:238,15,0,1
BRDA:238,15,1,1
BRDA:249,16,0,1
BRDA:249,16,1,1
BRDA:250,17,0,1
BRDA:250,17,1,1
BRDA:279,18,0,1
BRDA:279,18,1,1
BRDA:279,19,0,2
BRDA:279,19,1,1
BRDA:337,20,0,1
BRDA:337,20,1,1
BRDA:373,21,0,1
BRDA:373,21,1,1
BRF:44
BRH:36
end_of_record
TN:
SF:src/controllers/users.js
FN:21,(anonymous_0)
FN:96,(anonymous_1)
FN:106,(anonymous_2)
FN:139,(anonymous_3)
FN:189,(anonymous_4)
FN:230,(anonymous_5)
FN:249,(anonymous_6)
FNF:7
FNH:6
FNDA:1,(anonymous_0)
FNDA:2,(anonymous_1)
FNDA:0,(anonymous_2)
FNDA:3,(anonymous_3)
FNDA:2,(anonymous_4)
FNDA:3,(anonymous_5)
FNDA:3,(anonymous_6)
DA:21,1
DA:23,1
DA:24,1
DA:25,1
DA:26,0
DA:30,1
DA:31,1
DA:32,1
DA:33,1
DA:35,1
DA:36,1
DA:37,1
DA:40,1
DA:41,0
DA:47,1
DA:54,1
DA:55,1
DA:62,0
DA:63,0
DA:70,1
DA:71,1
DA:73,1
DA:75,1
DA:77,1
DA:78,1
DA:79,1
DA:80,1
DA:81,1
DA:87,1
DA:92,0
DA:96,1
DA:97,2
DA:98,2
DA:99,1
DA:101,1
DA:102,1
DA:106,1
DA:107,0
DA:108,0
DA:109,0
DA:110,0
DA:112,0
DA:116,0
DA:117,0
DA:121,0
DA:123,0
DA:130,0
DA:135,0
DA:139,1
DA:140,3
DA:141,3
DA:142,3
DA:144,2
DA:146,2
DA:149,2
DA:151,2
DA:152,3
DA:153,3
DA:155,3
DA:157,1
DA:158,1
DA:161,2
DA:162,1
DA:164,1
DA:166,1
DA:189,1
DA:190,2
DA:191,2
DA:192,2
DA:193,2
DA:194,2
DA:195,2
DA:196,1
DA:197,1
DA:198,1
DA:206,1
DA:207,1
DA:209,1
DA:210,1
DA:211,1
DA:212,1
DA:213,1
DA:214,0
DA:216,1
DA:217,1
DA:224,1
DA:226,1
DA:230,1
DA:231,3
DA:232,3
DA:233,3
DA:234,2
DA:235,2
DA:237,2
DA:238,1
DA:243,1
DA:245,1
DA:249,1
DA:250,3
DA:251,3
DA:252,3
DA:254,3
DA:255,3
DA:260,1
DA:264,2
DA:266,1
DA:268,1
LF:107
LH:90
BRDA:25,0,0,0
BRDA:25,0,1,1
BRDA:40,1,0,0
BRDA:40,1,1,1
BRDA:40,2,0,1
BRDA:40,2,1,1
BRDA:40,2,2,1
BRDA:155,3,0,1
BRDA:155,3,1,2
BRDA:161,4,0,1
BRDA:161,4,1,1
BRDA:213,5,0,0
BRDA:213,5,1,1
BRDA:237,6,0,1
BRDA:237,6,1,1
BRDA:255,7,0,1
BRDA:255,7,1,2
BRDA:256,8,0,3
BRDA:256,8,1,1
BRDA:256,8,2,1
BRF:20
BRH:17
end_of_record
TN:
SF:src/models/db_connection.js
FNF:0
FNH:0
DA:4,8
DA:6,8
DA:7,8
LF:3
LH:3
BRF:0
BRH:0
end_of_record
TN:
SF:src/models/spotModel.js
FN:3,(anonymous_0)
FN:13,(anonymous_1)
FN:21,(anonymous_2)
FN:29,(anonymous_3)
FN:39,(anonymous_4)
FN:45,(anonymous_5)
FN:53,(anonymous_6)
FN:63,(anonymous_7)
FNF:8
FNH:0
FNDA:0,(anonymous_0)
FNDA:0,(anonymous_1)
FNDA:0,(anonymous_2)
FNDA:0,(anonymous_3)
FNDA:0,(anonymous_4)
FNDA:0,(anonymous_5)
FNDA:0,(anonymous_6)
FNDA:0,(anonymous_7)
DA:3,1
DA:4,0
DA:13,1
DA:14,0
DA:21,1
DA:22,0
DA:29,1
DA:30,0
DA:39,1
DA:40,0
DA:45,1
DA:46,0
DA:53,1
DA:54,0
DA:63,1
DA:64,0
LF:16
LH:8
BRF:0
BRH:0
end_of_record
TN:
SF:src/models/transportationModel.js
FN:3,(anonymous_0)
FN:13,(anonymous_1)
FN:15,(anonymous_2)
FN:16,(anonymous_3)
FN:20,(anonymous_4)
FNF:5
FNH:0
FNDA:0,(anonymous_0)
FNDA:0,(anonymous_1)
FNDA:0,(anonymous_2)
FNDA:0,(anonymous_3)
FNDA:0,(anonymous_4)
DA:3,2
DA:4,0
DA:13,2
DA:14,0
DA:15,0
DA:16,0
DA:17,0
DA:20,0
LF:8
LH:2
BRF:0
BRH:0
end_of_record
TN:
SF:src/models/tripgroupModel.js
FN:3,(anonymous_0)
FN:12,(anonymous_1)
FN:26,(anonymous_2)
FN:49,(anonymous_3)
FN:66,(anonymous_4)
FN:82,(anonymous_5)
FN:91,(anonymous_6)
FN:99,(anonymous_7)
FN:128,(anonymous_8)
FN:146,(anonymous_9)
FN:167,(anonymous_10)
FN:185,(anonymous_11)
FN:194,(anonymous_12)
FN:211,(anonymous_13)
FN:220,(anonymous_14)
FN:249,(anonymous_15)
FN:255,(anonymous_16)
FN:261,(anonymous_17)
FN:268,(anonymous_18)
FN:274,(anonymous_19)
FN:285,(anonymous_20)
FN:294,(anonymous_21)
FN:303,(anonymous_22)
FNF:23
FNH:0
FNDA:0,(anonymous_0)
FNDA:0,(anonymous_1)
FNDA:0,(anonymous_2)
FNDA:0,(anonymous_3)
FNDA:0,(anonymous_4)
FNDA:0,(anonymous_5)
FNDA:0,(anonymous_6)
FNDA:0,(anonymous_7)
FNDA:0,(anonymous_8)
FNDA:0,(anonymous_9)
FNDA:0,(anonymous_10)
FNDA:0,(anonymous_11)
FNDA:0,(anonymous_12)
FNDA:0,(anonymous_13)
FNDA:0,(anonymous_14)
FNDA:0,(anonymous_15)
FNDA:0,(anonymous_16)
FNDA:0,(anonymous_17)
FNDA:0,(anonymous_18)
FNDA:0,(anonymous_19)
FNDA:0,(anonymous_20)
FNDA:0,(anonymous_21)
FNDA:0,(anonymous_22)
DA:3,3
DA:4,0
DA:5,0
DA:12,3
DA:13,0
DA:26,3
DA:27,0
DA:49,3
DA:55,0
DA:66,3
DA:67,0
DA:68,0
DA:69,0
DA:70,0
DA:82,3
DA:83,0
DA:91,3
DA:92,0
DA:99,3
DA:100,0
DA:128,3
DA:129,0
DA:130,0
DA:131,0
DA:146,3
DA:147,0
DA:167,3
DA:177,0
DA:185,3
DA:187,0
DA:194,3
DA:203,0
DA:211,3
DA:213,0
DA:220,3
DA:221,0
DA:249,3
DA:250,0
DA:255,3
DA:256,0
DA:261,3
DA:262,0
DA:268,3
DA:269,0
DA:274,3
DA:275,0
DA:285,3
DA:287,0
DA:294,3
DA:296,0
DA:303,3
DA:308,0
LF:52
LH:23
BRF:0
BRH:0
end_of_record
TN:
SF:src/models/userModel.js
FN:5,(anonymous_0)
FN:17,(anonymous_1)
FN:39,(anonymous_2)
FN:49,(anonymous_3)
FN:58,(anonymous_4)
FN:67,(anonymous_5)
FN:76,(anonymous_6)
FN:88,(anonymous_7)
FN:96,(anonymous_8)
FN:98,(anonymous_9)
FN:147,(anonymous_10)
FN:150,(anonymous_11)
FN:157,(anonymous_12)
FN:164,(anonymous_13)
FN:175,(anonymous_14)
FN:176,(anonymous_15)
FNF:16
FNH:0
FNDA:0,(anonymous_0)
FNDA:0,(anonymous_1)
FNDA:0,(anonymous_2)
FNDA:0,(anonymous_3)
FNDA:0,(anonymous_4)
FNDA:0,(anonymous_5)
FNDA:0,(anonymous_6)
FNDA:0,(anonymous_7)
FNDA:0,(anonymous_8)
FNDA:0,(anonymous_9)
FNDA:0,(anonymous_10)
FNDA:0,(anonymous_11)
FNDA:0,(anonymous_12)
FNDA:0,(anonymous_13)
FNDA:0,(anonymous_14)
FNDA:0,(anonymous_15)
DA:5,2
DA:6,0
DA:7,0
DA:12,0
DA:13,0
DA:14,0
DA:17,2
DA:19,0
DA:20,0
DA:22,0
DA:26,0
DA:28,0
DA:29,0
DA:30,0
DA:33,0
DA:34,0
DA:36,0
DA:39,2
DA:40,0
DA:41,0
DA:45,0
DA:46,0
DA:49,2
DA:50,0
DA:58,2
DA:59,0
DA:67,2
DA:68,0
DA:76,2
DA:77,0
DA:88,2
DA:96,0
DA:97,0
DA:98,0
DA:109,0
DA:112,0
DA:113,0
DA:117,0
DA:118,0
DA:120,0
DA:124,0
DA:131,0
DA:132,0
DA:139,0
DA:145,0
DA:148,0
DA:151,0
DA:152,0
DA:157,2
DA:158,0
DA:164,2
DA:165,0
DA:175,2
DA:176,0
DA:177,0
DA:182,0
DA:183,0
DA:187,0
DA:188,0
DA:190,0
LF:60
LH:11
BRDA:19,0,0,0
BRDA:19,0,1,0
BRDA:28,1,0,0
BRDA:28,1,1,0
BRDA:117,2,0,0
BRDA:117,2,1,0
BRDA:182,3,0,0
BRDA:182,3,1,0
BRDA:187,4,0,0
BRDA:187,4,1,0
BRF:10
BRH:0
end_of_record
TN:
SF:src/services/map.js
FN:9,(anonymous_0)
FN:18,(anonymous_1)
FN:22,(anonymous_2)
FN:24,(anonymous_3)
FN:35,(anonymous_4)
FN:72,(anonymous_5)
FN:77,(anonymous_6)
FN:86,(anonymous_7)
FN:110,(anonymous_8)
FN:114,(anonymous_9)
FN:117,(anonymous_10)
FN:133,(anonymous_11)
FN:139,(anonymous_12)
FN:164,(anonymous_13)
FNF:14
FNH:0
FNDA:0,(anonymous_0)
FNDA:0,(anonymous_1)
FNDA:0,(anonymous_2)
FNDA:0,(anonymous_3)
FNDA:0,(anonymous_4)
FNDA:0,(anonymous_5)
FNDA:0,(anonymous_6)
FNDA:0,(anonymous_7)
FNDA:0,(anonymous_8)
FNDA:0,(anonymous_9)
FNDA:0,(anonymous_10)
FNDA:0,(anonymous_11)
FNDA:0,(anonymous_12)
FNDA:0,(anonymous_13)
DA:6,1
DA:9,1
DA:10,0
DA:11,0
DA:18,0
DA:19,0
DA:20,0
DA:22,0
DA:24,1
DA:25,0
DA:26,0
DA:35,0
DA:37,0
DA:73,0
DA:77,1
DA:78,0
DA:79,0
DA:86,0
DA:87,0
DA:110,1
DA:111,0
DA:112,0
DA:113,0
DA:114,0
DA:115,0
DA:117,0
DA:118,0
DA:119,0
DA:132,0
DA:133,0
DA:134,0
DA:135,0
DA:136,0
DA:139,0
DA:140,0
DA:141,0
DA:150,0
DA:160,0
DA:164,0
DA:167,0
LF:40
LH:5
BRDA:118,0,0,0
BRDA:118,0,1,0
BRDA:135,1,0,0
BRDA:135,1,1,0
BRDA:140,2,0,0
BRDA:140,2,1,0
BRF:6
BRH:0
end_of_record
TN:
SF:src/services/yelp.js
FN:6,(anonymous_0)
FN:17,(anonymous_1)
FN:20,(anonymous_2)
FNF:3
FNH:0
FNDA:0,(anonymous_0)
FNDA:0,(anonymous_1)
FNDA:0,(anonymous_2)
DA:4,1
DA:6,1
DA:7,0
DA:8,0
DA:9,0
DA:18,0
DA:21,0
LF:7
LH:2
BRF:0
BRH:0
end_of_record
