{"/Users/gordonsung/Desktop/NTU/112-2/Software Dev Method/JourneyGO/JourneyGO/src/controllers/spot.js": {"path":"/Users/gordonsung/Desktop/NTU/112-2/Software Dev Method/JourneyGO/JourneyGO/src/controllers/spot.js","statementMap":{"0":{"start":{"line":17,"column":24},"end":{"line":43,"column":1}},"1":{"start":{"line":18,"column":27},"end":{"line":18,"column":37}},"2":{"start":{"line":19,"column":22},"end":{"line":19,"column":32}},"3":{"start":{"line":20,"column":2},"end":{"line":42,"column":3}},"4":{"start":{"line":22,"column":17},"end":{"line":22,"column":63}},"5":{"start":{"line":23,"column":4},"end":{"line":25,"column":5}},"6":{"start":{"line":24,"column":6},"end":{"line":24,"column":69}},"7":{"start":{"line":27,"column":18},"end":{"line":27,"column":57}},"8":{"start":{"line":34,"column":19},"end":{"line":34,"column":59}},"9":{"start":{"line":35,"column":19},"end":{"line":38,"column":5}},"10":{"start":{"line":39,"column":4},"end":{"line":39,"column":40}},"11":{"start":{"line":41,"column":4},"end":{"line":41,"column":60}},"12":{"start":{"line":45,"column":26},"end":{"line":79,"column":1}},"13":{"start":{"line":46,"column":27},"end":{"line":46,"column":37}},"14":{"start":{"line":47,"column":66},"end":{"line":47,"column":74}},"15":{"start":{"line":48,"column":22},"end":{"line":48,"column":32}},"16":{"start":{"line":49,"column":2},"end":{"line":78,"column":3}},"17":{"start":{"line":51,"column":17},"end":{"line":51,"column":63}},"18":{"start":{"line":52,"column":4},"end":{"line":54,"column":5}},"19":{"start":{"line":53,"column":6},"end":{"line":53,"column":69}},"20":{"start":{"line":57,"column":18},"end":{"line":57,"column":57}},"21":{"start":{"line":58,"column":4},"end":{"line":62,"column":7}},"22":{"start":{"line":59,"column":6},"end":{"line":61,"column":7}},"23":{"start":{"line":60,"column":8},"end":{"line":60,"column":70}},"24":{"start":{"line":65,"column":20},"end":{"line":74,"column":5}},"25":{"start":{"line":75,"column":4},"end":{"line":75,"column":41}},"26":{"start":{"line":77,"column":4},"end":{"line":77,"column":60}},"27":{"start":{"line":81,"column":26},"end":{"line":107,"column":1}},"28":{"start":{"line":82,"column":27},"end":{"line":82,"column":37}},"29":{"start":{"line":83,"column":31},"end":{"line":83,"column":39}},"30":{"start":{"line":84,"column":22},"end":{"line":84,"column":32}},"31":{"start":{"line":86,"column":2},"end":{"line":106,"column":3}},"32":{"start":{"line":88,"column":17},"end":{"line":88,"column":63}},"33":{"start":{"line":89,"column":4},"end":{"line":91,"column":5}},"34":{"start":{"line":90,"column":6},"end":{"line":90,"column":69}},"35":{"start":{"line":94,"column":18},"end":{"line":94,"column":47}},"36":{"start":{"line":95,"column":4},"end":{"line":99,"column":5}},"37":{"start":{"line":96,"column":6},"end":{"line":98,"column":70}},"38":{"start":{"line":102,"column":23},"end":{"line":102,"column":70}},"39":{"start":{"line":103,"column":4},"end":{"line":103,"column":44}},"40":{"start":{"line":105,"column":4},"end":{"line":105,"column":60}},"41":{"start":{"line":109,"column":26},"end":{"line":137,"column":1}},"42":{"start":{"line":110,"column":35},"end":{"line":110,"column":45}},"43":{"start":{"line":111,"column":22},"end":{"line":111,"column":32}},"44":{"start":{"line":113,"column":2},"end":{"line":136,"column":3}},"45":{"start":{"line":115,"column":17},"end":{"line":115,"column":63}},"46":{"start":{"line":116,"column":4},"end":{"line":118,"column":5}},"47":{"start":{"line":117,"column":6},"end":{"line":117,"column":69}},"48":{"start":{"line":121,"column":18},"end":{"line":121,"column":47}},"49":{"start":{"line":122,"column":4},"end":{"line":126,"column":5}},"50":{"start":{"line":123,"column":6},"end":{"line":125,"column":70}},"51":{"start":{"line":129,"column":19},"end":{"line":129,"column":51}},"52":{"start":{"line":130,"column":4},"end":{"line":132,"column":5}},"53":{"start":{"line":131,"column":6},"end":{"line":131,"column":65}},"54":{"start":{"line":133,"column":4},"end":{"line":133,"column":69}},"55":{"start":{"line":135,"column":4},"end":{"line":135,"column":60}},"56":{"start":{"line":139,"column":28},"end":{"line":158,"column":1}},"57":{"start":{"line":140,"column":28},"end":{"line":140,"column":38}},"58":{"start":{"line":142,"column":2},"end":{"line":157,"column":3}},"59":{"start":{"line":143,"column":16},"end":{"line":143,"column":49}},"60":{"start":{"line":144,"column":4},"end":{"line":146,"column":5}},"61":{"start":{"line":145,"column":6},"end":{"line":145,"column":60}},"62":{"start":{"line":147,"column":25},"end":{"line":147,"column":28}},"63":{"start":{"line":148,"column":18},"end":{"line":148,"column":51}},"64":{"start":{"line":151,"column":4},"end":{"line":153,"column":5}},"65":{"start":{"line":152,"column":6},"end":{"line":152,"column":74}},"66":{"start":{"line":154,"column":4},"end":{"line":154,"column":39}},"67":{"start":{"line":156,"column":4},"end":{"line":156,"column":60}},"68":{"start":{"line":160,"column":27},"end":{"line":174,"column":1}},"69":{"start":{"line":161,"column":20},"end":{"line":161,"column":30}},"70":{"start":{"line":163,"column":2},"end":{"line":173,"column":3}},"71":{"start":{"line":164,"column":18},"end":{"line":164,"column":40}},"72":{"start":{"line":165,"column":4},"end":{"line":165,"column":23}},"73":{"start":{"line":167,"column":4},"end":{"line":169,"column":5}},"74":{"start":{"line":168,"column":6},"end":{"line":168,"column":73}},"75":{"start":{"line":170,"column":4},"end":{"line":170,"column":39}},"76":{"start":{"line":172,"column":4},"end":{"line":172,"column":60}},"77":{"start":{"line":176,"column":30},"end":{"line":197,"column":1}},"78":{"start":{"line":177,"column":38},"end":{"line":177,"column":48}},"79":{"start":{"line":178,"column":2},"end":{"line":178,"column":23}},"80":{"start":{"line":179,"column":2},"end":{"line":196,"column":3}},"81":{"start":{"line":180,"column":19},"end":{"line":180,"column":58}},"82":{"start":{"line":182,"column":4},"end":{"line":184,"column":5}},"83":{"start":{"line":183,"column":6},"end":{"line":183,"column":73}},"84":{"start":{"line":186,"column":4},"end":{"line":190,"column":5}},"85":{"start":{"line":187,"column":6},"end":{"line":189,"column":73}},"86":{"start":{"line":191,"column":4},"end":{"line":191,"column":37}},"87":{"start":{"line":192,"column":4},"end":{"line":192,"column":24}},"88":{"start":{"line":193,"column":4},"end":{"line":193,"column":40}},"89":{"start":{"line":195,"column":4},"end":{"line":195,"column":60}},"90":{"start":{"line":199,"column":29},"end":{"line":217,"column":1}},"91":{"start":{"line":200,"column":50},"end":{"line":200,"column":60}},"92":{"start":{"line":201,"column":2},"end":{"line":216,"column":3}},"93":{"start":{"line":202,"column":21},"end":{"line":207,"column":5}},"94":{"start":{"line":209,"column":4},"end":{"line":211,"column":5}},"95":{"start":{"line":210,"column":6},"end":{"line":210,"column":21}},"96":{"start":{"line":212,"column":4},"end":{"line":212,"column":27}},"97":{"start":{"line":213,"column":4},"end":{"line":213,"column":51}},"98":{"start":{"line":215,"column":4},"end":{"line":215,"column":79}}},"fnMap":{"0":{"name":"(anonymous_0)","decl":{"start":{"line":17,"column":24},"end":{"line":17,"column":25}},"loc":{"start":{"line":17,"column":44},"end":{"line":43,"column":1}},"line":17},"1":{"name":"(anonymous_1)","decl":{"start":{"line":45,"column":26},"end":{"line":45,"column":27}},"loc":{"start":{"line":45,"column":46},"end":{"line":79,"column":1}},"line":45},"2":{"name":"(anonymous_2)","decl":{"start":{"line":58,"column":18},"end":{"line":58,"column":19}},"loc":{"start":{"line":58,"column":31},"end":{"line":62,"column":5}},"line":58},"3":{"name":"(anonymous_3)","decl":{"start":{"line":81,"column":26},"end":{"line":81,"column":27}},"loc":{"start":{"line":81,"column":46},"end":{"line":107,"column":1}},"line":81},"4":{"name":"(anonymous_4)","decl":{"start":{"line":109,"column":26},"end":{"line":109,"column":27}},"loc":{"start":{"line":109,"column":46},"end":{"line":137,"column":1}},"line":109},"5":{"name":"(anonymous_5)","decl":{"start":{"line":139,"column":28},"end":{"line":139,"column":29}},"loc":{"start":{"line":139,"column":48},"end":{"line":158,"column":1}},"line":139},"6":{"name":"(anonymous_6)","decl":{"start":{"line":160,"column":27},"end":{"line":160,"column":28}},"loc":{"start":{"line":160,"column":47},"end":{"line":174,"column":1}},"line":160},"7":{"name":"(anonymous_7)","decl":{"start":{"line":176,"column":30},"end":{"line":176,"column":31}},"loc":{"start":{"line":176,"column":50},"end":{"line":197,"column":1}},"line":176},"8":{"name":"(anonymous_8)","decl":{"start":{"line":199,"column":29},"end":{"line":199,"column":30}},"loc":{"start":{"line":199,"column":49},"end":{"line":217,"column":1}},"line":199}},"branchMap":{"0":{"loc":{"start":{"line":23,"column":4},"end":{"line":25,"column":5}},"type":"if","locations":[{"start":{"line":23,"column":4},"end":{"line":25,"column":5}},{"start":{},"end":{}}],"line":23},"1":{"loc":{"start":{"line":52,"column":4},"end":{"line":54,"column":5}},"type":"if","locations":[{"start":{"line":52,"column":4},"end":{"line":54,"column":5}},{"start":{},"end":{}}],"line":52},"2":{"loc":{"start":{"line":59,"column":6},"end":{"line":61,"column":7}},"type":"if","locations":[{"start":{"line":59,"column":6},"end":{"line":61,"column":7}},{"start":{},"end":{}}],"line":59},"3":{"loc":{"start":{"line":89,"column":4},"end":{"line":91,"column":5}},"type":"if","locations":[{"start":{"line":89,"column":4},"end":{"line":91,"column":5}},{"start":{},"end":{}}],"line":89},"4":{"loc":{"start":{"line":95,"column":4},"end":{"line":99,"column":5}},"type":"if","locations":[{"start":{"line":95,"column":4},"end":{"line":99,"column":5}},{"start":{},"end":{}}],"line":95},"5":{"loc":{"start":{"line":116,"column":4},"end":{"line":118,"column":5}},"type":"if","locations":[{"start":{"line":116,"column":4},"end":{"line":118,"column":5}},{"start":{},"end":{}}],"line":116},"6":{"loc":{"start":{"line":122,"column":4},"end":{"line":126,"column":5}},"type":"if","locations":[{"start":{"line":122,"column":4},"end":{"line":126,"column":5}},{"start":{},"end":{}}],"line":122},"7":{"loc":{"start":{"line":130,"column":4},"end":{"line":132,"column":5}},"type":"if","locations":[{"start":{"line":130,"column":4},"end":{"line":132,"column":5}},{"start":{},"end":{}}],"line":130},"8":{"loc":{"start":{"line":144,"column":4},"end":{"line":146,"column":5}},"type":"if","locations":[{"start":{"line":144,"column":4},"end":{"line":146,"column":5}},{"start":{},"end":{}}],"line":144},"9":{"loc":{"start":{"line":151,"column":4},"end":{"line":153,"column":5}},"type":"if","locations":[{"start":{"line":151,"column":4},"end":{"line":153,"column":5}},{"start":{},"end":{}}],"line":151},"10":{"loc":{"start":{"line":167,"column":4},"end":{"line":169,"column":5}},"type":"if","locations":[{"start":{"line":167,"column":4},"end":{"line":169,"column":5}},{"start":{},"end":{}}],"line":167},"11":{"loc":{"start":{"line":182,"column":4},"end":{"line":184,"column":5}},"type":"if","locations":[{"start":{"line":182,"column":4},"end":{"line":184,"column":5}},{"start":{},"end":{}}],"line":182},"12":{"loc":{"start":{"line":186,"column":4},"end":{"line":190,"column":5}},"type":"if","locations":[{"start":{"line":186,"column":4},"end":{"line":190,"column":5}},{"start":{},"end":{}}],"line":186},"13":{"loc":{"start":{"line":209,"column":4},"end":{"line":211,"column":5}},"type":"if","locations":[{"start":{"line":209,"column":4},"end":{"line":211,"column":5}},{"start":{},"end":{}}],"line":209}},"s":{"0":1,"1":3,"2":3,"3":3,"4":3,"5":3,"6":1,"7":2,"8":1,"9":1,"10":1,"11":1,"12":1,"13":3,"14":3,"15":3,"16":3,"17":3,"18":3,"19":1,"20":2,"21":2,"22":2,"23":1,"24":2,"25":2,"26":0,"27":1,"28":3,"29":3,"30":3,"31":3,"32":3,"33":3,"34":1,"35":2,"36":2,"37":1,"38":1,"39":1,"40":0,"41":1,"42":4,"43":4,"44":4,"45":4,"46":4,"47":1,"48":3,"49":3,"50":1,"51":2,"52":1,"53":0,"54":1,"55":1,"56":1,"57":4,"58":4,"59":4,"60":4,"61":1,"62":3,"63":3,"64":2,"65":1,"66":1,"67":1,"68":1,"69":3,"70":3,"71":3,"72":2,"73":2,"74":1,"75":1,"76":1,"77":1,"78":4,"79":4,"80":4,"81":4,"82":3,"83":1,"84":2,"85":1,"86":1,"87":1,"88":1,"89":1,"90":1,"91":0,"92":0,"93":0,"94":0,"95":0,"96":0,"97":0,"98":0},"f":{"0":3,"1":3,"2":2,"3":3,"4":4,"5":4,"6":3,"7":4,"8":0},"b":{"0":[1,2],"1":[1,2],"2":[1,1],"3":[1,2],"4":[1,1],"5":[1,3],"6":[1,2],"7":[0,1],"8":[1,3],"9":[1,1],"10":[1,1],"11":[1,2],"12":[1,1],"13":[0,0]},"_coverageSchema":"1a1c01bbd47fc00a2c39e90264f33305004495a9","hash":"708696bd60989b4e4ccf20c1b683c6429ad56599"}
,"/Users/gordonsung/Desktop/NTU/112-2/Software Dev Method/JourneyGO/JourneyGO/src/controllers/transportation.js": {"path":"/Users/gordonsung/Desktop/NTU/112-2/Software Dev Method/JourneyGO/JourneyGO/src/controllers/transportation.js","statementMap":{"0":{"start":{"line":3,"column":33},"end":{"line":12,"column":1}},"1":{"start":{"line":4,"column":28},"end":{"line":4,"column":38}},"2":{"start":{"line":5,"column":4},"end":{"line":11,"column":5}},"3":{"start":{"line":6,"column":23},"end":{"line":6,"column":62}},"4":{"start":{"line":7,"column":8},"end":{"line":7,"column":27}},"5":{"start":{"line":8,"column":8},"end":{"line":8,"column":44}},"6":{"start":{"line":10,"column":8},"end":{"line":10,"column":64}}},"fnMap":{"0":{"name":"(anonymous_0)","decl":{"start":{"line":3,"column":33},"end":{"line":3,"column":34}},"loc":{"start":{"line":3,"column":51},"end":{"line":12,"column":1}},"line":3}},"branchMap":{},"s":{"0":1,"1":2,"2":2,"3":2,"4":1,"5":1,"6":1},"f":{"0":2},"b":{},"_coverageSchema":"1a1c01bbd47fc00a2c39e90264f33305004495a9","hash":"091037fc634dd45494f2c9ea42a402962a1278b0"}
,"/Users/gordonsung/Desktop/NTU/112-2/Software Dev Method/JourneyGO/JourneyGO/src/controllers/tripgroup.js": {"path":"/Users/gordonsung/Desktop/NTU/112-2/Software Dev Method/JourneyGO/JourneyGO/src/controllers/tripgroup.js","statementMap":{"0":{"start":{"line":28,"column":32},"end":{"line":58,"column":1}},"1":{"start":{"line":30,"column":2},"end":{"line":30,"column":24}},"2":{"start":{"line":31,"column":36},"end":{"line":31,"column":44}},"3":{"start":{"line":32,"column":18},"end":{"line":32,"column":28}},"4":{"start":{"line":33,"column":2},"end":{"line":33,"column":37}},"5":{"start":{"line":34,"column":2},"end":{"line":57,"column":3}},"6":{"start":{"line":35,"column":20},"end":{"line":35,"column":53}},"7":{"start":{"line":36,"column":4},"end":{"line":36,"column":27}},"8":{"start":{"line":37,"column":4},"end":{"line":37,"column":37}},"9":{"start":{"line":39,"column":25},"end":{"line":39,"column":27}},"10":{"start":{"line":40,"column":4},"end":{"line":52,"column":5}},"11":{"start":{"line":41,"column":22},"end":{"line":41,"column":54}},"12":{"start":{"line":42,"column":6},"end":{"line":42,"column":43}},"13":{"start":{"line":43,"column":6},"end":{"line":45,"column":7}},"14":{"start":{"line":44,"column":8},"end":{"line":44,"column":16}},"15":{"start":{"line":46,"column":6},"end":{"line":46,"column":43}},"16":{"start":{"line":47,"column":28},"end":{"line":51,"column":7}},"17":{"start":{"line":54,"column":4},"end":{"line":54,"column":46}},"18":{"start":{"line":56,"column":4},"end":{"line":56,"column":60}},"19":{"start":{"line":60,"column":32},"end":{"line":74,"column":1}},"20":{"start":{"line":61,"column":22},"end":{"line":61,"column":32}},"21":{"start":{"line":62,"column":2},"end":{"line":73,"column":3}},"22":{"start":{"line":63,"column":17},"end":{"line":63,"column":52}},"23":{"start":{"line":64,"column":4},"end":{"line":68,"column":5}},"24":{"start":{"line":65,"column":6},"end":{"line":67,"column":71}},"25":{"start":{"line":70,"column":4},"end":{"line":70,"column":38}},"26":{"start":{"line":72,"column":4},"end":{"line":72,"column":60}},"27":{"start":{"line":76,"column":34},"end":{"line":93,"column":1}},"28":{"start":{"line":77,"column":22},"end":{"line":77,"column":32}},"29":{"start":{"line":78,"column":17},"end":{"line":78,"column":27}},"30":{"start":{"line":79,"column":2},"end":{"line":79,"column":22}},"31":{"start":{"line":80,"column":2},"end":{"line":92,"column":3}},"32":{"start":{"line":81,"column":17},"end":{"line":81,"column":59}},"33":{"start":{"line":83,"column":4},"end":{"line":87,"column":5}},"34":{"start":{"line":84,"column":6},"end":{"line":86,"column":66}},"35":{"start":{"line":89,"column":4},"end":{"line":89,"column":38}},"36":{"start":{"line":91,"column":4},"end":{"line":91,"column":60}},"37":{"start":{"line":94,"column":37},"end":{"line":131,"column":1}},"38":{"start":{"line":95,"column":22},"end":{"line":95,"column":32}},"39":{"start":{"line":96,"column":55},"end":{"line":96,"column":63}},"40":{"start":{"line":97,"column":2},"end":{"line":130,"column":3}},"41":{"start":{"line":99,"column":17},"end":{"line":99,"column":59}},"42":{"start":{"line":100,"column":17},"end":{"line":100,"column":63}},"43":{"start":{"line":102,"column":4},"end":{"line":107,"column":5}},"44":{"start":{"line":103,"column":6},"end":{"line":103,"column":58}},"45":{"start":{"line":104,"column":6},"end":{"line":106,"column":9}},"46":{"start":{"line":109,"column":4},"end":{"line":117,"column":5}},"47":{"start":{"line":110,"column":6},"end":{"line":113,"column":8}},"48":{"start":{"line":114,"column":6},"end":{"line":116,"column":9}},"49":{"start":{"line":118,"column":20},"end":{"line":123,"column":5}},"50":{"start":{"line":125,"column":4},"end":{"line":127,"column":61}},"51":{"start":{"line":129,"column":4},"end":{"line":129,"column":60}},"52":{"start":{"line":133,"column":37},"end":{"line":156,"column":1}},"53":{"start":{"line":134,"column":22},"end":{"line":134,"column":32}},"54":{"start":{"line":135,"column":22},"end":{"line":135,"column":32}},"55":{"start":{"line":136,"column":2},"end":{"line":136,"column":36}},"56":{"start":{"line":137,"column":2},"end":{"line":155,"column":3}},"57":{"start":{"line":138,"column":17},"end":{"line":138,"column":63}},"58":{"start":{"line":139,"column":4},"end":{"line":144,"column":5}},"59":{"start":{"line":140,"column":6},"end":{"line":140,"column":52}},"60":{"start":{"line":141,"column":6},"end":{"line":143,"column":9}},"61":{"start":{"line":146,"column":20},"end":{"line":146,"column":75}},"62":{"start":{"line":148,"column":4},"end":{"line":152,"column":7}},"63":{"start":{"line":154,"column":4},"end":{"line":154,"column":60}},"64":{"start":{"line":159,"column":23},"end":{"line":163,"column":1}},"65":{"start":{"line":160,"column":20},"end":{"line":160,"column":30}},"66":{"start":{"line":161,"column":17},"end":{"line":161,"column":48}},"67":{"start":{"line":162,"column":2},"end":{"line":162,"column":36}},"68":{"start":{"line":165,"column":24},"end":{"line":181,"column":1}},"69":{"start":{"line":166,"column":22},"end":{"line":166,"column":32}},"70":{"start":{"line":168,"column":2},"end":{"line":180,"column":3}},"71":{"start":{"line":169,"column":17},"end":{"line":169,"column":49}},"72":{"start":{"line":171,"column":4},"end":{"line":175,"column":5}},"73":{"start":{"line":172,"column":6},"end":{"line":174,"column":66}},"74":{"start":{"line":177,"column":4},"end":{"line":177,"column":38}},"75":{"start":{"line":179,"column":4},"end":{"line":179,"column":60}},"76":{"start":{"line":183,"column":29},"end":{"line":289,"column":1}},"77":{"start":{"line":184,"column":22},"end":{"line":184,"column":32}},"78":{"start":{"line":185,"column":22},"end":{"line":185,"column":32}},"79":{"start":{"line":186,"column":2},"end":{"line":288,"column":3}},"80":{"start":{"line":187,"column":20},"end":{"line":187,"column":53}},"81":{"start":{"line":189,"column":29},"end":{"line":189,"column":31}},"82":{"start":{"line":190,"column":25},"end":{"line":190,"column":63}},"83":{"start":{"line":192,"column":4},"end":{"line":202,"column":7}},"84":{"start":{"line":193,"column":20},"end":{"line":193,"column":42}},"85":{"start":{"line":194,"column":26},"end":{"line":194,"column":47}},"86":{"start":{"line":195,"column":19},"end":{"line":195,"column":37}},"87":{"start":{"line":197,"column":6},"end":{"line":199,"column":7}},"88":{"start":{"line":198,"column":8},"end":{"line":198,"column":15}},"89":{"start":{"line":200,"column":6},"end":{"line":200,"column":62}},"90":{"start":{"line":201,"column":6},"end":{"line":201,"column":98}},"91":{"start":{"line":204,"column":32},"end":{"line":204,"column":36}},"92":{"start":{"line":205,"column":4},"end":{"line":225,"column":5}},"93":{"start":{"line":206,"column":6},"end":{"line":206,"column":36}},"94":{"start":{"line":208,"column":6},"end":{"line":224,"column":9}},"95":{"start":{"line":209,"column":8},"end":{"line":223,"column":11}},"96":{"start":{"line":210,"column":10},"end":{"line":222,"column":11}},"97":{"start":{"line":211,"column":33},"end":{"line":211,"column":117}},"98":{"start":{"line":212,"column":12},"end":{"line":212,"column":65}},"99":{"start":{"line":213,"column":12},"end":{"line":213,"column":65}},"100":{"start":{"line":215,"column":12},"end":{"line":217,"column":13}},"101":{"start":{"line":216,"column":14},"end":{"line":216,"column":58}},"102":{"start":{"line":218,"column":12},"end":{"line":220,"column":13}},"103":{"start":{"line":219,"column":14},"end":{"line":219,"column":58}},"104":{"start":{"line":221,"column":12},"end":{"line":221,"column":41}},"105":{"start":{"line":229,"column":26},"end":{"line":229,"column":28}},"106":{"start":{"line":230,"column":22},"end":{"line":230,"column":24}},"107":{"start":{"line":233,"column":4},"end":{"line":240,"column":7}},"108":{"start":{"line":234,"column":6},"end":{"line":239,"column":9}},"109":{"start":{"line":235,"column":23},"end":{"line":235,"column":53}},"110":{"start":{"line":237,"column":8},"end":{"line":237,"column":68}},"111":{"start":{"line":238,"column":8},"end":{"line":238,"column":60}},"112":{"start":{"line":243,"column":20},"end":{"line":243,"column":22}},"113":{"start":{"line":246,"column":4},"end":{"line":252,"column":7}},"114":{"start":{"line":247,"column":6},"end":{"line":251,"column":9}},"115":{"start":{"line":248,"column":23},"end":{"line":248,"column":53}},"116":{"start":{"line":249,"column":8},"end":{"line":249,"column":56}},"117":{"start":{"line":250,"column":8},"end":{"line":250,"column":56}},"118":{"start":{"line":255,"column":19},"end":{"line":255,"column":21}},"119":{"start":{"line":257,"column":4},"end":{"line":267,"column":5}},"120":{"start":{"line":258,"column":6},"end":{"line":266,"column":7}},"121":{"start":{"line":259,"column":23},"end":{"line":259,"column":53}},"122":{"start":{"line":260,"column":23},"end":{"line":260,"column":51}},"123":{"start":{"line":261,"column":23},"end":{"line":261,"column":51}},"124":{"start":{"line":262,"column":8},"end":{"line":262,"column":38}},"125":{"start":{"line":263,"column":8},"end":{"line":263,"column":38}},"126":{"start":{"line":265,"column":8},"end":{"line":265,"column":66}},"127":{"start":{"line":270,"column":22},"end":{"line":270,"column":61}},"128":{"start":{"line":272,"column":25},"end":{"line":272,"column":57}},"129":{"start":{"line":274,"column":17},"end":{"line":277,"column":5}},"130":{"start":{"line":279,"column":4},"end":{"line":283,"column":5}},"131":{"start":{"line":280,"column":6},"end":{"line":282,"column":70}},"132":{"start":{"line":285,"column":4},"end":{"line":285,"column":38}},"133":{"start":{"line":287,"column":4},"end":{"line":287,"column":60}},"134":{"start":{"line":291,"column":26},"end":{"line":308,"column":1}},"135":{"start":{"line":292,"column":22},"end":{"line":292,"column":32}},"136":{"start":{"line":293,"column":67},"end":{"line":293,"column":75}},"137":{"start":{"line":295,"column":2},"end":{"line":307,"column":3}},"138":{"start":{"line":296,"column":20},"end":{"line":296,"column":99}},"139":{"start":{"line":298,"column":25},"end":{"line":298,"column":58}},"140":{"start":{"line":299,"column":25},"end":{"line":299,"column":46}},"141":{"start":{"line":300,"column":23},"end":{"line":300,"column":80}},"142":{"start":{"line":301,"column":4},"end":{"line":303,"column":6}},"143":{"start":{"line":302,"column":25},"end":{"line":302,"column":75}},"144":{"start":{"line":304,"column":4},"end":{"line":304,"column":41}},"145":{"start":{"line":306,"column":4},"end":{"line":306,"column":60}},"146":{"start":{"line":310,"column":26},"end":{"line":329,"column":1}},"147":{"start":{"line":311,"column":37},"end":{"line":311,"column":47}},"148":{"start":{"line":312,"column":67},"end":{"line":312,"column":75}},"149":{"start":{"line":314,"column":2},"end":{"line":328,"column":3}},"150":{"start":{"line":315,"column":24},"end":{"line":315,"column":101}},"151":{"start":{"line":318,"column":16},"end":{"line":318,"column":57}},"152":{"start":{"line":319,"column":25},"end":{"line":319,"column":58}},"153":{"start":{"line":320,"column":25},"end":{"line":320,"column":46}},"154":{"start":{"line":321,"column":23},"end":{"line":321,"column":78}},"155":{"start":{"line":322,"column":4},"end":{"line":324,"column":6}},"156":{"start":{"line":323,"column":25},"end":{"line":323,"column":73}},"157":{"start":{"line":325,"column":4},"end":{"line":325,"column":67}},"158":{"start":{"line":327,"column":4},"end":{"line":327,"column":60}},"159":{"start":{"line":331,"column":29},"end":{"line":347,"column":1}},"160":{"start":{"line":332,"column":37},"end":{"line":332,"column":47}},"161":{"start":{"line":334,"column":2},"end":{"line":346,"column":3}},"162":{"start":{"line":335,"column":17},"end":{"line":335,"column":54}},"163":{"start":{"line":337,"column":4},"end":{"line":341,"column":5}},"164":{"start":{"line":338,"column":6},"end":{"line":340,"column":66}},"165":{"start":{"line":343,"column":4},"end":{"line":343,"column":38}},"166":{"start":{"line":345,"column":4},"end":{"line":345,"column":60}},"167":{"start":{"line":350,"column":25},"end":{"line":365,"column":1}},"168":{"start":{"line":351,"column":22},"end":{"line":351,"column":32}},"169":{"start":{"line":352,"column":57},"end":{"line":352,"column":65}},"170":{"start":{"line":354,"column":2},"end":{"line":364,"column":3}},"171":{"start":{"line":355,"column":20},"end":{"line":355,"column":104}},"172":{"start":{"line":356,"column":4},"end":{"line":356,"column":25}},"173":{"start":{"line":358,"column":23},"end":{"line":358,"column":78}},"174":{"start":{"line":359,"column":23},"end":{"line":359,"column":75}},"175":{"start":{"line":361,"column":4},"end":{"line":361,"column":67}},"176":{"start":{"line":363,"column":4},"end":{"line":363,"column":60}},"177":{"start":{"line":367,"column":27},"end":{"line":383,"column":1}},"178":{"start":{"line":368,"column":21},"end":{"line":368,"column":31}},"179":{"start":{"line":370,"column":2},"end":{"line":382,"column":3}},"180":{"start":{"line":371,"column":17},"end":{"line":371,"column":50}},"181":{"start":{"line":373,"column":4},"end":{"line":377,"column":5}},"182":{"start":{"line":374,"column":6},"end":{"line":376,"column":18}},"183":{"start":{"line":379,"column":4},"end":{"line":379,"column":38}},"184":{"start":{"line":381,"column":4},"end":{"line":381,"column":60}},"185":{"start":{"line":386,"column":29},"end":{"line":402,"column":1}},"186":{"start":{"line":387,"column":21},"end":{"line":387,"column":31}},"187":{"start":{"line":388,"column":39},"end":{"line":388,"column":47}},"188":{"start":{"line":389,"column":22},"end":{"line":389,"column":32}},"189":{"start":{"line":390,"column":2},"end":{"line":390,"column":40}},"190":{"start":{"line":391,"column":2},"end":{"line":401,"column":3}},"191":{"start":{"line":392,"column":18},"end":{"line":392,"column":55}},"192":{"start":{"line":393,"column":4},"end":{"line":393,"column":32}},"193":{"start":{"line":394,"column":4},"end":{"line":394,"column":25}},"194":{"start":{"line":395,"column":23},"end":{"line":395,"column":90}},"195":{"start":{"line":396,"column":4},"end":{"line":396,"column":28}},"196":{"start":{"line":398,"column":4},"end":{"line":398,"column":70}},"197":{"start":{"line":400,"column":4},"end":{"line":400,"column":60}},"198":{"start":{"line":404,"column":29},"end":{"line":414,"column":1}},"199":{"start":{"line":405,"column":32},"end":{"line":405,"column":42}},"200":{"start":{"line":406,"column":2},"end":{"line":406,"column":33}},"201":{"start":{"line":407,"column":2},"end":{"line":413,"column":3}},"202":{"start":{"line":408,"column":26},"end":{"line":408,"column":69}},"203":{"start":{"line":410,"column":4},"end":{"line":410,"column":70}},"204":{"start":{"line":412,"column":4},"end":{"line":412,"column":60}}},"fnMap":{"0":{"name":"(anonymous_0)","decl":{"start":{"line":28,"column":32},"end":{"line":28,"column":33}},"loc":{"start":{"line":28,"column":52},"end":{"line":58,"column":1}},"line":28},"1":{"name":"(anonymous_1)","decl":{"start":{"line":60,"column":32},"end":{"line":60,"column":33}},"loc":{"start":{"line":60,"column":52},"end":{"line":74,"column":1}},"line":60},"2":{"name":"(anonymous_2)","decl":{"start":{"line":76,"column":34},"end":{"line":76,"column":35}},"loc":{"start":{"line":76,"column":54},"end":{"line":93,"column":1}},"line":76},"3":{"name":"(anonymous_3)","decl":{"start":{"line":94,"column":37},"end":{"line":94,"column":38}},"loc":{"start":{"line":94,"column":57},"end":{"line":131,"column":1}},"line":94},"4":{"name":"(anonymous_4)","decl":{"start":{"line":133,"column":37},"end":{"line":133,"column":38}},"loc":{"start":{"line":133,"column":57},"end":{"line":156,"column":1}},"line":133},"5":{"name":"(anonymous_5)","decl":{"start":{"line":159,"column":23},"end":{"line":159,"column":24}},"loc":{"start":{"line":159,"column":42},"end":{"line":163,"column":1}},"line":159},"6":{"name":"(anonymous_6)","decl":{"start":{"line":165,"column":24},"end":{"line":165,"column":25}},"loc":{"start":{"line":165,"column":44},"end":{"line":181,"column":1}},"line":165},"7":{"name":"(anonymous_7)","decl":{"start":{"line":183,"column":29},"end":{"line":183,"column":30}},"loc":{"start":{"line":183,"column":49},"end":{"line":289,"column":1}},"line":183},"8":{"name":"(anonymous_8)","decl":{"start":{"line":192,"column":25},"end":{"line":192,"column":26}},"loc":{"start":{"line":192,"column":40},"end":{"line":202,"column":5}},"line":192},"9":{"name":"(anonymous_9)","decl":{"start":{"line":208,"column":44},"end":{"line":208,"column":45}},"loc":{"start":{"line":208,"column":53},"end":{"line":224,"column":7}},"line":208},"10":{"name":"(anonymous_10)","decl":{"start":{"line":209,"column":53},"end":{"line":209,"column":54}},"loc":{"start":{"line":209,"column":68},"end":{"line":223,"column":9}},"line":209},"11":{"name":"(anonymous_11)","decl":{"start":{"line":233,"column":42},"end":{"line":233,"column":43}},"loc":{"start":{"line":233,"column":51},"end":{"line":240,"column":5}},"line":233},"12":{"name":"(anonymous_12)","decl":{"start":{"line":234,"column":51},"end":{"line":234,"column":52}},"loc":{"start":{"line":234,"column":60},"end":{"line":239,"column":7}},"line":234},"13":{"name":"(anonymous_13)","decl":{"start":{"line":246,"column":42},"end":{"line":246,"column":43}},"loc":{"start":{"line":246,"column":51},"end":{"line":252,"column":5}},"line":246},"14":{"name":"(anonymous_14)","decl":{"start":{"line":247,"column":51},"end":{"line":247,"column":52}},"loc":{"start":{"line":247,"column":60},"end":{"line":251,"column":7}},"line":247},"15":{"name":"(anonymous_15)","decl":{"start":{"line":291,"column":26},"end":{"line":291,"column":27}},"loc":{"start":{"line":291,"column":46},"end":{"line":308,"column":1}},"line":291},"16":{"name":"(anonymous_16)","decl":{"start":{"line":301,"column":24},"end":{"line":301,"column":25}},"loc":{"start":{"line":301,"column":29},"end":{"line":303,"column":5}},"line":301},"17":{"name":"(anonymous_17)","decl":{"start":{"line":310,"column":26},"end":{"line":310,"column":27}},"loc":{"start":{"line":310,"column":46},"end":{"line":329,"column":1}},"line":310},"18":{"name":"(anonymous_18)","decl":{"start":{"line":322,"column":24},"end":{"line":322,"column":25}},"loc":{"start":{"line":322,"column":29},"end":{"line":324,"column":5}},"line":322},"19":{"name":"(anonymous_19)","decl":{"start":{"line":331,"column":29},"end":{"line":331,"column":30}},"loc":{"start":{"line":331,"column":49},"end":{"line":347,"column":1}},"line":331},"20":{"name":"(anonymous_20)","decl":{"start":{"line":350,"column":25},"end":{"line":350,"column":26}},"loc":{"start":{"line":350,"column":45},"end":{"line":365,"column":1}},"line":350},"21":{"name":"(anonymous_21)","decl":{"start":{"line":367,"column":27},"end":{"line":367,"column":28}},"loc":{"start":{"line":367,"column":47},"end":{"line":383,"column":1}},"line":367},"22":{"name":"(anonymous_22)","decl":{"start":{"line":386,"column":29},"end":{"line":386,"column":30}},"loc":{"start":{"line":386,"column":49},"end":{"line":402,"column":1}},"line":386},"23":{"name":"(anonymous_23)","decl":{"start":{"line":404,"column":29},"end":{"line":404,"column":30}},"loc":{"start":{"line":404,"column":49},"end":{"line":414,"column":1}},"line":404}},"branchMap":{"0":{"loc":{"start":{"line":43,"column":6},"end":{"line":45,"column":7}},"type":"if","locations":[{"start":{"line":43,"column":6},"end":{"line":45,"column":7}},{"start":{},"end":{}}],"line":43},"1":{"loc":{"start":{"line":64,"column":4},"end":{"line":68,"column":5}},"type":"if","locations":[{"start":{"line":64,"column":4},"end":{"line":68,"column":5}},{"start":{},"end":{}}],"line":64},"2":{"loc":{"start":{"line":83,"column":4},"end":{"line":87,"column":5}},"type":"if","locations":[{"start":{"line":83,"column":4},"end":{"line":87,"column":5}},{"start":{},"end":{}}],"line":83},"3":{"loc":{"start":{"line":102,"column":4},"end":{"line":107,"column":5}},"type":"if","locations":[{"start":{"line":102,"column":4},"end":{"line":107,"column":5}},{"start":{},"end":{}}],"line":102},"4":{"loc":{"start":{"line":109,"column":4},"end":{"line":117,"column":5}},"type":"if","locations":[{"start":{"line":109,"column":4},"end":{"line":117,"column":5}},{"start":{},"end":{}}],"line":109},"5":{"loc":{"start":{"line":139,"column":4},"end":{"line":144,"column":5}},"type":"if","locations":[{"start":{"line":139,"column":4},"end":{"line":144,"column":5}},{"start":{},"end":{}}],"line":139},"6":{"loc":{"start":{"line":171,"column":4},"end":{"line":175,"column":5}},"type":"if","locations":[{"start":{"line":171,"column":4},"end":{"line":175,"column":5}},{"start":{},"end":{}}],"line":171},"7":{"loc":{"start":{"line":197,"column":6},"end":{"line":199,"column":7}},"type":"if","locations":[{"start":{"line":197,"column":6},"end":{"line":199,"column":7}},{"start":{},"end":{}}],"line":197},"8":{"loc":{"start":{"line":200,"column":32},"end":{"line":200,"column":61}},"type":"binary-expr","locations":[{"start":{"line":200,"column":32},"end":{"line":200,"column":55}},{"start":{"line":200,"column":59},"end":{"line":200,"column":61}}],"line":200},"9":{"loc":{"start":{"line":201,"column":46},"end":{"line":201,"column":87}},"type":"binary-expr","locations":[{"start":{"line":201,"column":46},"end":{"line":201,"column":82}},{"start":{"line":201,"column":86},"end":{"line":201,"column":87}}],"line":201},"10":{"loc":{"start":{"line":210,"column":10},"end":{"line":222,"column":11}},"type":"if","locations":[{"start":{"line":210,"column":10},"end":{"line":222,"column":11}},{"start":{},"end":{}}],"line":210},"11":{"loc":{"start":{"line":210,"column":14},"end":{"line":210,"column":83}},"type":"binary-expr","locations":[{"start":{"line":210,"column":14},"end":{"line":210,"column":43}},{"start":{"line":210,"column":47},"end":{"line":210,"column":83}}],"line":210},"12":{"loc":{"start":{"line":215,"column":12},"end":{"line":217,"column":13}},"type":"if","locations":[{"start":{"line":215,"column":12},"end":{"line":217,"column":13}},{"start":{},"end":{}}],"line":215},"13":{"loc":{"start":{"line":218,"column":12},"end":{"line":220,"column":13}},"type":"if","locations":[{"start":{"line":218,"column":12},"end":{"line":220,"column":13}},{"start":{},"end":{}}],"line":218},"14":{"loc":{"start":{"line":237,"column":32},"end":{"line":237,"column":57}},"type":"binary-expr","locations":[{"start":{"line":237,"column":32},"end":{"line":237,"column":52}},{"start":{"line":237,"column":56},"end":{"line":237,"column":57}}],"line":237},"15":{"loc":{"start":{"line":238,"column":28},"end":{"line":238,"column":49}},"type":"binary-expr","locations":[{"start":{"line":238,"column":28},"end":{"line":238,"column":44}},{"start":{"line":238,"column":48},"end":{"line":238,"column":49}}],"line":238},"16":{"loc":{"start":{"line":249,"column":26},"end":{"line":249,"column":45}},"type":"binary-expr","locations":[{"start":{"line":249,"column":26},"end":{"line":249,"column":40}},{"start":{"line":249,"column":44},"end":{"line":249,"column":45}}],"line":249},"17":{"loc":{"start":{"line":250,"column":26},"end":{"line":250,"column":45}},"type":"binary-expr","locations":[{"start":{"line":250,"column":26},"end":{"line":250,"column":40}},{"start":{"line":250,"column":44},"end":{"line":250,"column":45}}],"line":250},"18":{"loc":{"start":{"line":279,"column":4},"end":{"line":283,"column":5}},"type":"if","locations":[{"start":{"line":279,"column":4},"end":{"line":283,"column":5}},{"start":{},"end":{}}],"line":279},"19":{"loc":{"start":{"line":279,"column":8},"end":{"line":279,"column":57}},"type":"binary-expr","locations":[{"start":{"line":279,"column":8},"end":{"line":279,"column":33}},{"start":{"line":279,"column":37},"end":{"line":279,"column":57}}],"line":279},"20":{"loc":{"start":{"line":337,"column":4},"end":{"line":341,"column":5}},"type":"if","locations":[{"start":{"line":337,"column":4},"end":{"line":341,"column":5}},{"start":{},"end":{}}],"line":337},"21":{"loc":{"start":{"line":373,"column":4},"end":{"line":377,"column":5}},"type":"if","locations":[{"start":{"line":373,"column":4},"end":{"line":377,"column":5}},{"start":{},"end":{}}],"line":373}},"s":{"0":1,"1":2,"2":2,"3":2,"4":2,"5":2,"6":2,"7":1,"8":1,"9":1,"10":1,"11":2,"12":2,"13":2,"14":0,"15":2,"16":2,"17":1,"18":1,"19":1,"20":2,"21":2,"22":2,"23":2,"24":1,"25":1,"26":0,"27":1,"28":2,"29":2,"30":2,"31":2,"32":2,"33":2,"34":1,"35":1,"36":0,"37":1,"38":3,"39":3,"40":3,"41":3,"42":3,"43":3,"44":1,"45":1,"46":2,"47":1,"48":1,"49":1,"50":1,"51":0,"52":1,"53":3,"54":3,"55":3,"56":3,"57":3,"58":2,"59":1,"60":1,"61":1,"62":1,"63":1,"64":1,"65":0,"66":0,"67":0,"68":1,"69":2,"70":2,"71":2,"72":2,"73":1,"74":1,"75":0,"76":1,"77":3,"78":3,"79":3,"80":3,"81":2,"82":2,"83":2,"84":1,"85":1,"86":1,"87":1,"88":0,"89":1,"90":1,"91":2,"92":2,"93":2,"94":2,"95":1,"96":1,"97":0,"98":0,"99":0,"100":0,"101":0,"102":0,"103":0,"104":0,"105":2,"106":2,"107":2,"108":1,"109":1,"110":1,"111":1,"112":2,"113":2,"114":1,"115":1,"116":1,"117":1,"118":2,"119":2,"120":1,"121":1,"122":1,"123":1,"124":1,"125":1,"126":1,"127":2,"128":2,"129":2,"130":2,"131":1,"132":1,"133":1,"134":1,"135":1,"136":1,"137":1,"138":1,"139":1,"140":1,"141":1,"142":1,"143":2,"144":1,"145":0,"146":1,"147":1,"148":1,"149":1,"150":1,"151":1,"152":1,"153":1,"154":1,"155":1,"156":2,"157":1,"158":0,"159":1,"160":2,"161":2,"162":2,"163":2,"164":1,"165":1,"166":0,"167":1,"168":1,"169":1,"170":1,"171":1,"172":0,"173":0,"174":0,"175":0,"176":1,"177":1,"178":3,"179":3,"180":3,"181":2,"182":1,"183":1,"184":1,"185":1,"186":2,"187":2,"188":2,"189":2,"190":2,"191":2,"192":1,"193":1,"194":1,"195":1,"196":1,"197":1,"198":1,"199":2,"200":2,"201":2,"202":2,"203":1,"204":1},"f":{"0":2,"1":2,"2":2,"3":3,"4":3,"5":0,"6":2,"7":3,"8":1,"9":1,"10":1,"11":1,"12":1,"13":1,"14":1,"15":1,"16":2,"17":1,"18":2,"19":2,"20":1,"21":3,"22":2,"23":2},"b":{"0":[0,2],"1":[1,1],"2":[1,1],"3":[1,2],"4":[1,1],"5":[1,1],"6":[1,1],"7":[0,1],"8":[1,1],"9":[1,1],"10":[0,1],"11":[1,0],"12":[0,0],"13":[0,0],"14":[1,1],"15":[1,1],"16":[1,1],"17":[1,1],"18":[1,1],"19":[2,1],"20":[1,1],"21":[1,1]},"_coverageSchema":"1a1c01bbd47fc00a2c39e90264f33305004495a9","hash":"2631d2660e28477e599757bb801ad707a43995ff"}
,"/Users/gordonsung/Desktop/NTU/112-2/Software Dev Method/JourneyGO/JourneyGO/src/controllers/users.js": {"path":"/Users/gordonsung/Desktop/NTU/112-2/Software Dev Method/JourneyGO/JourneyGO/src/controllers/users.js","statementMap":{"0":{"start":{"line":21,"column":28},"end":{"line":94,"column":1}},"1":{"start":{"line":23,"column":25},"end":{"line":23,"column":55}},"2":{"start":{"line":24,"column":2},"end":{"line":24,"column":30}},"3":{"start":{"line":25,"column":2},"end":{"line":27,"column":3}},"4":{"start":{"line":26,"column":4},"end":{"line":26,"column":62}},"5":{"start":{"line":30,"column":18},"end":{"line":30,"column":29}},"6":{"start":{"line":31,"column":18},"end":{"line":31,"column":26}},"7":{"start":{"line":32,"column":2},"end":{"line":32,"column":23}},"8":{"start":{"line":33,"column":2},"end":{"line":33,"column":23}},"9":{"start":{"line":35,"column":18},"end":{"line":35,"column":36}},"10":{"start":{"line":36,"column":25},"end":{"line":36,"column":50}},"11":{"start":{"line":37,"column":25},"end":{"line":37,"column":50}},"12":{"start":{"line":40,"column":2},"end":{"line":44,"column":3}},"13":{"start":{"line":41,"column":4},"end":{"line":43,"column":7}},"14":{"start":{"line":47,"column":13},"end":{"line":47,"column":40}},"15":{"start":{"line":54,"column":2},"end":{"line":67,"column":3}},"16":{"start":{"line":55,"column":4},"end":{"line":59,"column":7}},"17":{"start":{"line":62,"column":4},"end":{"line":62,"column":65}},"18":{"start":{"line":63,"column":4},"end":{"line":66,"column":7}},"19":{"start":{"line":70,"column":17},"end":{"line":70,"column":25}},"20":{"start":{"line":71,"column":20},"end":{"line":71,"column":28}},"21":{"start":{"line":73,"column":2},"end":{"line":73,"column":70}},"22":{"start":{"line":75,"column":2},"end":{"line":75,"column":41}},"23":{"start":{"line":77,"column":16},"end":{"line":77,"column":57}},"24":{"start":{"line":78,"column":19},"end":{"line":78,"column":36}},"25":{"start":{"line":79,"column":17},"end":{"line":79,"column":28}},"26":{"start":{"line":80,"column":2},"end":{"line":93,"column":3}},"27":{"start":{"line":81,"column":4},"end":{"line":86,"column":7}},"28":{"start":{"line":87,"column":4},"end":{"line":90,"column":7}},"29":{"start":{"line":92,"column":4},"end":{"line":92,"column":67}},"30":{"start":{"line":96,"column":30},"end":{"line":104,"column":1}},"31":{"start":{"line":97,"column":2},"end":{"line":103,"column":3}},"32":{"start":{"line":98,"column":24},"end":{"line":98,"column":61}},"33":{"start":{"line":99,"column":4},"end":{"line":99,"column":49}},"34":{"start":{"line":101,"column":4},"end":{"line":101,"column":23}},"35":{"start":{"line":102,"column":4},"end":{"line":102,"column":73}},"36":{"start":{"line":106,"column":30},"end":{"line":137,"column":1}},"37":{"start":{"line":107,"column":17},"end":{"line":107,"column":27}},"38":{"start":{"line":108,"column":34},"end":{"line":108,"column":42}},"39":{"start":{"line":109,"column":19},"end":{"line":109,"column":31}},"40":{"start":{"line":110,"column":2},"end":{"line":120,"column":3}},"41":{"start":{"line":112,"column":24},"end":{"line":114,"column":6}},"42":{"start":{"line":116,"column":4},"end":{"line":116,"column":23}},"43":{"start":{"line":117,"column":4},"end":{"line":119,"column":66}},"44":{"start":{"line":121,"column":2},"end":{"line":136,"column":3}},"45":{"start":{"line":123,"column":21},"end":{"line":129,"column":6}},"46":{"start":{"line":130,"column":4},"end":{"line":132,"column":78}},"47":{"start":{"line":135,"column":4},"end":{"line":135,"column":76}},"48":{"start":{"line":139,"column":24},"end":{"line":168,"column":1}},"49":{"start":{"line":140,"column":18},"end":{"line":140,"column":28}},"50":{"start":{"line":141,"column":2},"end":{"line":167,"column":3}},"51":{"start":{"line":142,"column":17},"end":{"line":142,"column":50}},"52":{"start":{"line":144,"column":4},"end":{"line":144,"column":31}},"53":{"start":{"line":146,"column":24},"end":{"line":146,"column":61}},"54":{"start":{"line":149,"column":17},"end":{"line":149,"column":47}},"55":{"start":{"line":151,"column":4},"end":{"line":160,"column":5}},"56":{"start":{"line":152,"column":22},"end":{"line":152,"column":46}},"57":{"start":{"line":153,"column":26},"end":{"line":153,"column":36}},"58":{"start":{"line":155,"column":6},"end":{"line":159,"column":7}},"59":{"start":{"line":157,"column":8},"end":{"line":157,"column":34}},"60":{"start":{"line":158,"column":29},"end":{"line":158,"column":80}},"61":{"start":{"line":161,"column":4},"end":{"line":163,"column":5}},"62":{"start":{"line":162,"column":6},"end":{"line":162,"column":38}},"63":{"start":{"line":164,"column":4},"end":{"line":164,"column":38}},"64":{"start":{"line":166,"column":4},"end":{"line":166,"column":60}},"65":{"start":{"line":189,"column":27},"end":{"line":228,"column":1}},"66":{"start":{"line":190,"column":18},"end":{"line":190,"column":28}},"67":{"start":{"line":191,"column":2},"end":{"line":191,"column":24}},"68":{"start":{"line":192,"column":69},"end":{"line":192,"column":77}},"69":{"start":{"line":193,"column":19},"end":{"line":193,"column":31}},"70":{"start":{"line":194,"column":2},"end":{"line":227,"column":3}},"71":{"start":{"line":195,"column":17},"end":{"line":195,"column":50}},"72":{"start":{"line":196,"column":4},"end":{"line":196,"column":31}},"73":{"start":{"line":197,"column":4},"end":{"line":197,"column":80}},"74":{"start":{"line":198,"column":21},"end":{"line":205,"column":5}},"75":{"start":{"line":206,"column":4},"end":{"line":206,"column":38}},"76":{"start":{"line":207,"column":4},"end":{"line":207,"column":21}},"77":{"start":{"line":209,"column":25},"end":{"line":209,"column":27}},"78":{"start":{"line":210,"column":4},"end":{"line":222,"column":5}},"79":{"start":{"line":211,"column":22},"end":{"line":211,"column":54}},"80":{"start":{"line":212,"column":6},"end":{"line":212,"column":43}},"81":{"start":{"line":213,"column":6},"end":{"line":215,"column":7}},"82":{"start":{"line":214,"column":8},"end":{"line":214,"column":17}},"83":{"start":{"line":216,"column":6},"end":{"line":216,"column":43}},"84":{"start":{"line":217,"column":28},"end":{"line":221,"column":7}},"85":{"start":{"line":224,"column":4},"end":{"line":224,"column":60}},"86":{"start":{"line":226,"column":4},"end":{"line":226,"column":60}},"87":{"start":{"line":230,"column":29},"end":{"line":247,"column":1}},"88":{"start":{"line":231,"column":18},"end":{"line":231,"column":28}},"89":{"start":{"line":232,"column":2},"end":{"line":246,"column":3}},"90":{"start":{"line":233,"column":17},"end":{"line":233,"column":50}},"91":{"start":{"line":234,"column":4},"end":{"line":234,"column":31}},"92":{"start":{"line":235,"column":17},"end":{"line":235,"column":52}},"93":{"start":{"line":237,"column":4},"end":{"line":241,"column":5}},"94":{"start":{"line":238,"column":6},"end":{"line":240,"column":72}},"95":{"start":{"line":243,"column":4},"end":{"line":243,"column":38}},"96":{"start":{"line":245,"column":4},"end":{"line":245,"column":60}},"97":{"start":{"line":249,"column":29},"end":{"line":270,"column":1}},"98":{"start":{"line":250,"column":27},"end":{"line":250,"column":37}},"99":{"start":{"line":251,"column":2},"end":{"line":251,"column":24}},"100":{"start":{"line":252,"column":21},"end":{"line":252,"column":29}},"101":{"start":{"line":254,"column":2},"end":{"line":269,"column":3}},"102":{"start":{"line":255,"column":4},"end":{"line":263,"column":5}},"103":{"start":{"line":260,"column":6},"end":{"line":262,"column":80}},"104":{"start":{"line":264,"column":26},"end":{"line":264,"column":70}},"105":{"start":{"line":266,"column":4},"end":{"line":266,"column":47}},"106":{"start":{"line":268,"column":4},"end":{"line":268,"column":60}}},"fnMap":{"0":{"name":"(anonymous_0)","decl":{"start":{"line":21,"column":28},"end":{"line":21,"column":29}},"loc":{"start":{"line":21,"column":54},"end":{"line":94,"column":1}},"line":21},"1":{"name":"(anonymous_1)","decl":{"start":{"line":96,"column":30},"end":{"line":96,"column":31}},"loc":{"start":{"line":96,"column":56},"end":{"line":104,"column":1}},"line":96},"2":{"name":"(anonymous_2)","decl":{"start":{"line":106,"column":30},"end":{"line":106,"column":31}},"loc":{"start":{"line":106,"column":56},"end":{"line":137,"column":1}},"line":106},"3":{"name":"(anonymous_3)","decl":{"start":{"line":139,"column":24},"end":{"line":139,"column":25}},"loc":{"start":{"line":139,"column":44},"end":{"line":168,"column":1}},"line":139},"4":{"name":"(anonymous_4)","decl":{"start":{"line":189,"column":27},"end":{"line":189,"column":28}},"loc":{"start":{"line":189,"column":47},"end":{"line":228,"column":1}},"line":189},"5":{"name":"(anonymous_5)","decl":{"start":{"line":230,"column":29},"end":{"line":230,"column":30}},"loc":{"start":{"line":230,"column":49},"end":{"line":247,"column":1}},"line":230},"6":{"name":"(anonymous_6)","decl":{"start":{"line":249,"column":29},"end":{"line":249,"column":30}},"loc":{"start":{"line":249,"column":49},"end":{"line":270,"column":1}},"line":249}},"branchMap":{"0":{"loc":{"start":{"line":25,"column":2},"end":{"line":27,"column":3}},"type":"if","locations":[{"start":{"line":25,"column":2},"end":{"line":27,"column":3}},{"start":{},"end":{}}],"line":25},"1":{"loc":{"start":{"line":40,"column":2},"end":{"line":44,"column":3}},"type":"if","locations":[{"start":{"line":40,"column":2},"end":{"line":44,"column":3}},{"start":{},"end":{}}],"line":40},"2":{"loc":{"start":{"line":40,"column":6},"end":{"line":40,"column":52}},"type":"binary-expr","locations":[{"start":{"line":40,"column":6},"end":{"line":40,"column":14}},{"start":{"line":40,"column":18},"end":{"line":40,"column":33}},{"start":{"line":40,"column":37},"end":{"line":40,"column":52}}],"line":40},"3":{"loc":{"start":{"line":155,"column":6},"end":{"line":159,"column":7}},"type":"if","locations":[{"start":{"line":155,"column":6},"end":{"line":159,"column":7}},{"start":{},"end":{}}],"line":155},"4":{"loc":{"start":{"line":161,"column":4},"end":{"line":163,"column":5}},"type":"if","locations":[{"start":{"line":161,"column":4},"end":{"line":163,"column":5}},{"start":{},"end":{}}],"line":161},"5":{"loc":{"start":{"line":213,"column":6},"end":{"line":215,"column":7}},"type":"if","locations":[{"start":{"line":213,"column":6},"end":{"line":215,"column":7}},{"start":{},"end":{}}],"line":213},"6":{"loc":{"start":{"line":237,"column":4},"end":{"line":241,"column":5}},"type":"if","locations":[{"start":{"line":237,"column":4},"end":{"line":241,"column":5}},{"start":{},"end":{}}],"line":237},"7":{"loc":{"start":{"line":255,"column":4},"end":{"line":263,"column":5}},"type":"if","locations":[{"start":{"line":255,"column":4},"end":{"line":263,"column":5}},{"start":{},"end":{}}],"line":255},"8":{"loc":{"start":{"line":256,"column":6},"end":{"line":258,"column":27}},"type":"binary-expr","locations":[{"start":{"line":256,"column":6},"end":{"line":256,"column":27}},{"start":{"line":257,"column":6},"end":{"line":257,"column":26}},{"start":{"line":258,"column":6},"end":{"line":258,"column":27}}],"line":256}},"s":{"0":1,"1":1,"2":1,"3":1,"4":0,"5":1,"6":1,"7":1,"8":1,"9":1,"10":1,"11":1,"12":1,"13":0,"14":1,"15":1,"16":1,"17":0,"18":0,"19":1,"20":1,"21":1,"22":1,"23":1,"24":1,"25":1,"26":1,"27":1,"28":1,"29":0,"30":1,"31":2,"32":2,"33":1,"34":1,"35":1,"36":1,"37":0,"38":0,"39":0,"40":0,"41":0,"42":0,"43":0,"44":0,"45":0,"46":0,"47":0,"48":1,"49":3,"50":3,"51":3,"52":2,"53":2,"54":2,"55":2,"56":3,"57":3,"58":3,"59":1,"60":1,"61":2,"62":1,"63":1,"64":1,"65":1,"66":2,"67":2,"68":2,"69":2,"70":2,"71":2,"72":1,"73":1,"74":1,"75":1,"76":1,"77":1,"78":1,"79":1,"80":1,"81":1,"82":0,"83":1,"84":1,"85":1,"86":1,"87":1,"88":3,"89":3,"90":3,"91":2,"92":2,"93":2,"94":1,"95":1,"96":1,"97":1,"98":3,"99":3,"100":3,"101":3,"102":3,"103":1,"104":2,"105":1,"106":1},"f":{"0":1,"1":2,"2":0,"3":3,"4":2,"5":3,"6":3},"b":{"0":[0,1],"1":[0,1],"2":[1,1,1],"3":[1,2],"4":[1,1],"5":[0,1],"6":[1,1],"7":[1,2],"8":[3,1,1]},"_coverageSchema":"1a1c01bbd47fc00a2c39e90264f33305004495a9","hash":"8fa2617fb40ee55e679f4f2ffe3b8c5c757e3f26"}
,"/Users/gordonsung/Desktop/NTU/112-2/Software Dev Method/JourneyGO/JourneyGO/src/models/db_connection.js": {"path":"/Users/gordonsung/Desktop/NTU/112-2/Software Dev Method/JourneyGO/JourneyGO/src/models/db_connection.js","statementMap":{"0":{"start":{"line":4,"column":0},"end":{"line":4,"column":16}},"1":{"start":{"line":6,"column":12},"end":{"line":6,"column":23}},"2":{"start":{"line":7,"column":11},"end":{"line":13,"column":2}}},"fnMap":{},"branchMap":{},"s":{"0":8,"1":8,"2":8},"f":{},"b":{},"_coverageSchema":"1a1c01bbd47fc00a2c39e90264f33305004495a9","hash":"1ca9d34980562f8634b9b554e75b81c300337242"}
,"/Users/gordonsung/Desktop/NTU/112-2/Software Dev Method/JourneyGO/JourneyGO/src/models/spotModel.js": {"path":"/Users/gordonsung/Desktop/NTU/112-2/Software Dev Method/JourneyGO/JourneyGO/src/models/spotModel.js","statementMap":{"0":{"start":{"line":3,"column":35},"end":{"line":11,"column":1}},"1":{"start":{"line":4,"column":2},"end":{"line":10,"column":24}},"2":{"start":{"line":13,"column":31},"end":{"line":19,"column":1}},"3":{"start":{"line":14,"column":2},"end":{"line":18,"column":18}},"4":{"start":{"line":21,"column":35},"end":{"line":27,"column":1}},"5":{"start":{"line":22,"column":2},"end":{"line":26,"column":76}},"6":{"start":{"line":29,"column":34},"end":{"line":37,"column":1}},"7":{"start":{"line":30,"column":2},"end":{"line":36,"column":4}},"8":{"start":{"line":39,"column":34},"end":{"line":43,"column":1}},"9":{"start":{"line":40,"column":2},"end":{"line":42,"column":15}},"10":{"start":{"line":45,"column":35},"end":{"line":51,"column":1}},"11":{"start":{"line":46,"column":2},"end":{"line":50,"column":18}},"12":{"start":{"line":53,"column":31},"end":{"line":61,"column":1}},"13":{"start":{"line":54,"column":2},"end":{"line":60,"column":3}},"14":{"start":{"line":63,"column":32},"end":{"line":67,"column":1}},"15":{"start":{"line":64,"column":2},"end":{"line":66,"column":3}}},"fnMap":{"0":{"name":"(anonymous_0)","decl":{"start":{"line":3,"column":35},"end":{"line":3,"column":36}},"loc":{"start":{"line":3,"column":53},"end":{"line":11,"column":1}},"line":3},"1":{"name":"(anonymous_1)","decl":{"start":{"line":13,"column":31},"end":{"line":13,"column":32}},"loc":{"start":{"line":13,"column":43},"end":{"line":19,"column":1}},"line":13},"2":{"name":"(anonymous_2)","decl":{"start":{"line":21,"column":35},"end":{"line":21,"column":36}},"loc":{"start":{"line":21,"column":106},"end":{"line":27,"column":1}},"line":21},"3":{"name":"(anonymous_3)","decl":{"start":{"line":29,"column":34},"end":{"line":29,"column":35}},"loc":{"start":{"line":29,"column":61},"end":{"line":37,"column":1}},"line":29},"4":{"name":"(anonymous_4)","decl":{"start":{"line":39,"column":34},"end":{"line":39,"column":35}},"loc":{"start":{"line":39,"column":46},"end":{"line":43,"column":1}},"line":39},"5":{"name":"(anonymous_5)","decl":{"start":{"line":45,"column":35},"end":{"line":45,"column":36}},"loc":{"start":{"line":45,"column":47},"end":{"line":51,"column":1}},"line":45},"6":{"name":"(anonymous_6)","decl":{"start":{"line":53,"column":31},"end":{"line":53,"column":32}},"loc":{"start":{"line":53,"column":49},"end":{"line":61,"column":1}},"line":53},"7":{"name":"(anonymous_7)","decl":{"start":{"line":63,"column":32},"end":{"line":63,"column":33}},"loc":{"start":{"line":63,"column":45},"end":{"line":67,"column":1}},"line":63}},"branchMap":{},"s":{"0":1,"1":0,"2":1,"3":0,"4":1,"5":0,"6":1,"7":0,"8":1,"9":0,"10":1,"11":0,"12":1,"13":0,"14":1,"15":0},"f":{"0":0,"1":0,"2":0,"3":0,"4":0,"5":0,"6":0,"7":0},"b":{},"_coverageSchema":"1a1c01bbd47fc00a2c39e90264f33305004495a9","hash":"3220fff34e4f1872daae0fd6727718b903552629"}
,"/Users/gordonsung/Desktop/NTU/112-2/Software Dev Method/JourneyGO/JourneyGO/src/models/transportationModel.js": {"path":"/Users/gordonsung/Desktop/NTU/112-2/Software Dev Method/JourneyGO/JourneyGO/src/models/transportationModel.js","statementMap":{"0":{"start":{"line":3,"column":36},"end":{"line":11,"column":1}},"1":{"start":{"line":4,"column":4},"end":{"line":10,"column":22}},"2":{"start":{"line":13,"column":34},"end":{"line":23,"column":1}},"3":{"start":{"line":14,"column":4},"end":{"line":14,"column":113}},"4":{"start":{"line":15,"column":4},"end":{"line":21,"column":6}},"5":{"start":{"line":16,"column":31},"end":{"line":19,"column":10}},"6":{"start":{"line":17,"column":12},"end":{"line":18,"column":74}},"7":{"start":{"line":20,"column":8},"end":{"line":20,"column":62}},"8":{"start":{"line":20,"column":45},"end":{"line":20,"column":61}}},"fnMap":{"0":{"name":"(anonymous_0)","decl":{"start":{"line":3,"column":36},"end":{"line":3,"column":37}},"loc":{"start":{"line":3,"column":58},"end":{"line":11,"column":1}},"line":3},"1":{"name":"(anonymous_1)","decl":{"start":{"line":13,"column":34},"end":{"line":13,"column":35}},"loc":{"start":{"line":13,"column":54},"end":{"line":23,"column":1}},"line":13},"2":{"name":"(anonymous_2)","decl":{"start":{"line":15,"column":16},"end":{"line":15,"column":17}},"loc":{"start":{"line":15,"column":19},"end":{"line":21,"column":5}},"line":15},"3":{"name":"(anonymous_3)","decl":{"start":{"line":16,"column":52},"end":{"line":16,"column":53}},"loc":{"start":{"line":16,"column":61},"end":{"line":19,"column":9}},"line":16},"4":{"name":"(anonymous_4)","decl":{"start":{"line":20,"column":38},"end":{"line":20,"column":39}},"loc":{"start":{"line":20,"column":45},"end":{"line":20,"column":61}},"line":20}},"branchMap":{},"s":{"0":2,"1":0,"2":2,"3":0,"4":0,"5":0,"6":0,"7":0,"8":0},"f":{"0":0,"1":0,"2":0,"3":0,"4":0},"b":{},"_coverageSchema":"1a1c01bbd47fc00a2c39e90264f33305004495a9","hash":"d294e027fa9aa4979d2a1bb71af986fdd6ed17c8"}
,"/Users/gordonsung/Desktop/NTU/112-2/Software Dev Method/JourneyGO/JourneyGO/src/models/tripgroupModel.js": {"path":"/Users/gordonsung/Desktop/NTU/112-2/Software Dev Method/JourneyGO/JourneyGO/src/models/tripgroupModel.js","statementMap":{"0":{"start":{"line":3,"column":37},"end":{"line":10,"column":1}},"1":{"start":{"line":4,"column":2},"end":{"line":4,"column":44}},"2":{"start":{"line":5,"column":2},"end":{"line":9,"column":4}},"3":{"start":{"line":12,"column":36},"end":{"line":24,"column":1}},"4":{"start":{"line":13,"column":2},"end":{"line":23,"column":4}},"5":{"start":{"line":26,"column":43},"end":{"line":47,"column":1}},"6":{"start":{"line":27,"column":2},"end":{"line":46,"column":4}},"7":{"start":{"line":49,"column":46},"end":{"line":64,"column":1}},"8":{"start":{"line":55,"column":2},"end":{"line":63,"column":4}},"9":{"start":{"line":66,"column":34},"end":{"line":80,"column":1}},"10":{"start":{"line":67,"column":2},"end":{"line":67,"column":36}},"11":{"start":{"line":68,"column":2},"end":{"line":68,"column":23}},"12":{"start":{"line":69,"column":2},"end":{"line":69,"column":22}},"13":{"start":{"line":70,"column":2},"end":{"line":79,"column":4}},"14":{"start":{"line":82,"column":42},"end":{"line":89,"column":1}},"15":{"start":{"line":83,"column":2},"end":{"line":88,"column":4}},"16":{"start":{"line":91,"column":32},"end":{"line":97,"column":1}},"17":{"start":{"line":92,"column":2},"end":{"line":96,"column":4}},"18":{"start":{"line":99,"column":33},"end":{"line":126,"column":1}},"19":{"start":{"line":100,"column":2},"end":{"line":125,"column":4}},"20":{"start":{"line":128,"column":34},"end":{"line":144,"column":1}},"21":{"start":{"line":129,"column":2},"end":{"line":129,"column":40}},"22":{"start":{"line":130,"column":2},"end":{"line":130,"column":23}},"23":{"start":{"line":131,"column":2},"end":{"line":143,"column":4}},"24":{"start":{"line":146,"column":39},"end":{"line":165,"column":1}},"25":{"start":{"line":147,"column":2},"end":{"line":164,"column":4}},"26":{"start":{"line":167,"column":31},"end":{"line":183,"column":1}},"27":{"start":{"line":177,"column":2},"end":{"line":182,"column":4}},"28":{"start":{"line":185,"column":32},"end":{"line":192,"column":1}},"29":{"start":{"line":187,"column":2},"end":{"line":191,"column":4}},"30":{"start":{"line":194,"column":31},"end":{"line":209,"column":1}},"31":{"start":{"line":203,"column":2},"end":{"line":208,"column":4}},"32":{"start":{"line":211,"column":36},"end":{"line":218,"column":1}},"33":{"start":{"line":213,"column":2},"end":{"line":217,"column":4}},"34":{"start":{"line":220,"column":32},"end":{"line":246,"column":1}},"35":{"start":{"line":221,"column":2},"end":{"line":245,"column":4}},"36":{"start":{"line":249,"column":30},"end":{"line":253,"column":1}},"37":{"start":{"line":250,"column":2},"end":{"line":252,"column":3}},"38":{"start":{"line":255,"column":35},"end":{"line":259,"column":1}},"39":{"start":{"line":256,"column":2},"end":{"line":258,"column":3}},"40":{"start":{"line":261,"column":37},"end":{"line":266,"column":1}},"41":{"start":{"line":262,"column":2},"end":{"line":265,"column":3}},"42":{"start":{"line":268,"column":37},"end":{"line":272,"column":1}},"43":{"start":{"line":269,"column":2},"end":{"line":271,"column":3}},"44":{"start":{"line":274,"column":35},"end":{"line":283,"column":1}},"45":{"start":{"line":275,"column":2},"end":{"line":282,"column":4}},"46":{"start":{"line":285,"column":34},"end":{"line":292,"column":1}},"47":{"start":{"line":287,"column":2},"end":{"line":291,"column":4}},"48":{"start":{"line":294,"column":34},"end":{"line":301,"column":1}},"49":{"start":{"line":296,"column":2},"end":{"line":300,"column":4}},"50":{"start":{"line":303,"column":33},"end":{"line":314,"column":1}},"51":{"start":{"line":308,"column":2},"end":{"line":313,"column":4}}},"fnMap":{"0":{"name":"(anonymous_0)","decl":{"start":{"line":3,"column":37},"end":{"line":3,"column":38}},"loc":{"start":{"line":3,"column":72},"end":{"line":10,"column":1}},"line":3},"1":{"name":"(anonymous_1)","decl":{"start":{"line":12,"column":36},"end":{"line":12,"column":37}},"loc":{"start":{"line":12,"column":49},"end":{"line":24,"column":1}},"line":12},"2":{"name":"(anonymous_2)","decl":{"start":{"line":26,"column":43},"end":{"line":26,"column":44}},"loc":{"start":{"line":26,"column":56},"end":{"line":47,"column":1}},"line":26},"3":{"name":"(anonymous_3)","decl":{"start":{"line":49,"column":46},"end":{"line":49,"column":47}},"loc":{"start":{"line":54,"column":5},"end":{"line":64,"column":1}},"line":54},"4":{"name":"(anonymous_4)","decl":{"start":{"line":66,"column":34},"end":{"line":66,"column":35}},"loc":{"start":{"line":66,"column":55},"end":{"line":80,"column":1}},"line":66},"5":{"name":"(anonymous_5)","decl":{"start":{"line":82,"column":42},"end":{"line":82,"column":43}},"loc":{"start":{"line":82,"column":63},"end":{"line":89,"column":1}},"line":82},"6":{"name":"(anonymous_6)","decl":{"start":{"line":91,"column":32},"end":{"line":91,"column":33}},"loc":{"start":{"line":91,"column":45},"end":{"line":97,"column":1}},"line":91},"7":{"name":"(anonymous_7)","decl":{"start":{"line":99,"column":33},"end":{"line":99,"column":34}},"loc":{"start":{"line":99,"column":46},"end":{"line":126,"column":1}},"line":99},"8":{"name":"(anonymous_8)","decl":{"start":{"line":128,"column":34},"end":{"line":128,"column":35}},"loc":{"start":{"line":128,"column":47},"end":{"line":144,"column":1}},"line":128},"9":{"name":"(anonymous_9)","decl":{"start":{"line":146,"column":39},"end":{"line":146,"column":40}},"loc":{"start":{"line":146,"column":52},"end":{"line":165,"column":1}},"line":146},"10":{"name":"(anonymous_10)","decl":{"start":{"line":167,"column":31},"end":{"line":167,"column":32}},"loc":{"start":{"line":175,"column":5},"end":{"line":183,"column":1}},"line":175},"11":{"name":"(anonymous_11)","decl":{"start":{"line":185,"column":32},"end":{"line":185,"column":33}},"loc":{"start":{"line":185,"column":56},"end":{"line":192,"column":1}},"line":185},"12":{"name":"(anonymous_12)","decl":{"start":{"line":194,"column":31},"end":{"line":194,"column":32}},"loc":{"start":{"line":201,"column":5},"end":{"line":209,"column":1}},"line":201},"13":{"name":"(anonymous_13)","decl":{"start":{"line":211,"column":36},"end":{"line":211,"column":37}},"loc":{"start":{"line":211,"column":49},"end":{"line":218,"column":1}},"line":211},"14":{"name":"(anonymous_14)","decl":{"start":{"line":220,"column":32},"end":{"line":220,"column":33}},"loc":{"start":{"line":220,"column":44},"end":{"line":246,"column":1}},"line":220},"15":{"name":"(anonymous_15)","decl":{"start":{"line":249,"column":30},"end":{"line":249,"column":31}},"loc":{"start":{"line":249,"column":45},"end":{"line":253,"column":1}},"line":249},"16":{"name":"(anonymous_16)","decl":{"start":{"line":255,"column":35},"end":{"line":255,"column":36}},"loc":{"start":{"line":255,"column":50},"end":{"line":259,"column":1}},"line":255},"17":{"name":"(anonymous_17)","decl":{"start":{"line":261,"column":37},"end":{"line":261,"column":38}},"loc":{"start":{"line":261,"column":50},"end":{"line":266,"column":1}},"line":261},"18":{"name":"(anonymous_18)","decl":{"start":{"line":268,"column":37},"end":{"line":268,"column":38}},"loc":{"start":{"line":268,"column":50},"end":{"line":272,"column":1}},"line":268},"19":{"name":"(anonymous_19)","decl":{"start":{"line":274,"column":35},"end":{"line":274,"column":36}},"loc":{"start":{"line":274,"column":47},"end":{"line":283,"column":1}},"line":274},"20":{"name":"(anonymous_20)","decl":{"start":{"line":285,"column":34},"end":{"line":285,"column":35}},"loc":{"start":{"line":285,"column":81},"end":{"line":292,"column":1}},"line":285},"21":{"name":"(anonymous_21)","decl":{"start":{"line":294,"column":34},"end":{"line":294,"column":35}},"loc":{"start":{"line":294,"column":57},"end":{"line":301,"column":1}},"line":294},"22":{"name":"(anonymous_22)","decl":{"start":{"line":303,"column":33},"end":{"line":303,"column":34}},"loc":{"start":{"line":306,"column":5},"end":{"line":314,"column":1}},"line":306}},"branchMap":{},"s":{"0":3,"1":0,"2":0,"3":3,"4":0,"5":3,"6":0,"7":3,"8":0,"9":3,"10":0,"11":0,"12":0,"13":0,"14":3,"15":0,"16":3,"17":0,"18":3,"19":0,"20":3,"21":0,"22":0,"23":0,"24":3,"25":0,"26":3,"27":0,"28":3,"29":0,"30":3,"31":0,"32":3,"33":0,"34":3,"35":0,"36":3,"37":0,"38":3,"39":0,"40":3,"41":0,"42":3,"43":0,"44":3,"45":0,"46":3,"47":0,"48":3,"49":0,"50":3,"51":0},"f":{"0":0,"1":0,"2":0,"3":0,"4":0,"5":0,"6":0,"7":0,"8":0,"9":0,"10":0,"11":0,"12":0,"13":0,"14":0,"15":0,"16":0,"17":0,"18":0,"19":0,"20":0,"21":0,"22":0},"b":{},"_coverageSchema":"1a1c01bbd47fc00a2c39e90264f33305004495a9","hash":"22905acffae925046895fe78edbf9e19e6541763"}
,"/Users/gordonsung/Desktop/NTU/112-2/Software Dev Method/JourneyGO/JourneyGO/src/models/userModel.js": {"path":"/Users/gordonsung/Desktop/NTU/112-2/Software Dev Method/JourneyGO/JourneyGO/src/models/userModel.js","statementMap":{"0":{"start":{"line":5,"column":26},"end":{"line":15,"column":1}},"1":{"start":{"line":6,"column":2},"end":{"line":6,"column":30}},"2":{"start":{"line":7,"column":16},"end":{"line":11,"column":5}},"3":{"start":{"line":12,"column":17},"end":{"line":12,"column":54}},"4":{"start":{"line":13,"column":2},"end":{"line":13,"column":22}},"5":{"start":{"line":14,"column":2},"end":{"line":14,"column":33}},"6":{"start":{"line":17,"column":26},"end":{"line":37,"column":1}},"7":{"start":{"line":19,"column":2},"end":{"line":21,"column":3}},"8":{"start":{"line":20,"column":4},"end":{"line":20,"column":17}},"9":{"start":{"line":22,"column":14},"end":{"line":25,"column":5}},"10":{"start":{"line":26,"column":17},"end":{"line":26,"column":42}},"11":{"start":{"line":28,"column":2},"end":{"line":31,"column":3}},"12":{"start":{"line":29,"column":4},"end":{"line":29,"column":28}},"13":{"start":{"line":30,"column":4},"end":{"line":30,"column":26}},"14":{"start":{"line":33,"column":2},"end":{"line":33,"column":70}},"15":{"start":{"line":34,"column":2},"end":{"line":34,"column":22}},"16":{"start":{"line":36,"column":2},"end":{"line":36,"column":33}},"17":{"start":{"line":39,"column":23},"end":{"line":47,"column":1}},"18":{"start":{"line":40,"column":2},"end":{"line":40,"column":22}},"19":{"start":{"line":41,"column":16},"end":{"line":44,"column":5}},"20":{"start":{"line":45,"column":17},"end":{"line":45,"column":25}},"21":{"start":{"line":46,"column":2},"end":{"line":46,"column":33}},"22":{"start":{"line":49,"column":34},"end":{"line":56,"column":1}},"23":{"start":{"line":50,"column":2},"end":{"line":55,"column":4}},"24":{"start":{"line":58,"column":31},"end":{"line":65,"column":1}},"25":{"start":{"line":59,"column":2},"end":{"line":64,"column":4}},"26":{"start":{"line":67,"column":36},"end":{"line":74,"column":1}},"27":{"start":{"line":68,"column":2},"end":{"line":73,"column":4}},"28":{"start":{"line":76,"column":32},"end":{"line":86,"column":1}},"29":{"start":{"line":77,"column":2},"end":{"line":85,"column":4}},"30":{"start":{"line":88,"column":32},"end":{"line":155,"column":1}},"31":{"start":{"line":96,"column":2},"end":{"line":154,"column":5}},"32":{"start":{"line":97,"column":4},"end":{"line":97,"column":36}},"33":{"start":{"line":98,"column":4},"end":{"line":153,"column":9}},"34":{"start":{"line":109,"column":29},"end":{"line":109,"column":31}},"35":{"start":{"line":112,"column":6},"end":{"line":122,"column":7}},"36":{"start":{"line":113,"column":26},"end":{"line":116,"column":9}},"37":{"start":{"line":117,"column":8},"end":{"line":121,"column":9}},"38":{"start":{"line":118,"column":10},"end":{"line":118,"column":68}},"39":{"start":{"line":120,"column":10},"end":{"line":120,"column":70}},"40":{"start":{"line":124,"column":36},"end":{"line":129,"column":7}},"41":{"start":{"line":131,"column":6},"end":{"line":137,"column":7}},"42":{"start":{"line":132,"column":8},"end":{"line":136,"column":10}},"43":{"start":{"line":139,"column":6},"end":{"line":143,"column":8}},"44":{"start":{"line":145,"column":6},"end":{"line":145,"column":21}},"45":{"start":{"line":148,"column":8},"end":{"line":148,"column":25}},"46":{"start":{"line":151,"column":8},"end":{"line":151,"column":36}},"47":{"start":{"line":152,"column":8},"end":{"line":152,"column":22}},"48":{"start":{"line":157,"column":35},"end":{"line":162,"column":1}},"49":{"start":{"line":158,"column":2},"end":{"line":161,"column":4}},"50":{"start":{"line":164,"column":37},"end":{"line":173,"column":1}},"51":{"start":{"line":165,"column":2},"end":{"line":172,"column":4}},"52":{"start":{"line":175,"column":32},"end":{"line":197,"column":1}},"53":{"start":{"line":176,"column":2},"end":{"line":196,"column":5}},"54":{"start":{"line":177,"column":4},"end":{"line":180,"column":7}},"55":{"start":{"line":182,"column":4},"end":{"line":195,"column":5}},"56":{"start":{"line":183,"column":29},"end":{"line":186,"column":7}},"57":{"start":{"line":187,"column":6},"end":{"line":194,"column":7}},"58":{"start":{"line":188,"column":52},"end":{"line":188,"column":66}},"59":{"start":{"line":190,"column":8},"end":{"line":193,"column":11}}},"fnMap":{"0":{"name":"(anonymous_0)","decl":{"start":{"line":5,"column":26},"end":{"line":5,"column":27}},"loc":{"start":{"line":5,"column":71},"end":{"line":15,"column":1}},"line":5},"1":{"name":"(anonymous_1)","decl":{"start":{"line":17,"column":26},"end":{"line":17,"column":27}},"loc":{"start":{"line":17,"column":77},"end":{"line":37,"column":1}},"line":17},"2":{"name":"(anonymous_2)","decl":{"start":{"line":39,"column":23},"end":{"line":39,"column":24}},"loc":{"start":{"line":39,"column":39},"end":{"line":47,"column":1}},"line":39},"3":{"name":"(anonymous_3)","decl":{"start":{"line":49,"column":34},"end":{"line":49,"column":35}},"loc":{"start":{"line":49,"column":47},"end":{"line":56,"column":1}},"line":49},"4":{"name":"(anonymous_4)","decl":{"start":{"line":58,"column":31},"end":{"line":58,"column":32}},"loc":{"start":{"line":58,"column":41},"end":{"line":65,"column":1}},"line":58},"5":{"name":"(anonymous_5)","decl":{"start":{"line":67,"column":36},"end":{"line":67,"column":37}},"loc":{"start":{"line":67,"column":49},"end":{"line":74,"column":1}},"line":67},"6":{"name":"(anonymous_6)","decl":{"start":{"line":76,"column":32},"end":{"line":76,"column":33}},"loc":{"start":{"line":76,"column":44},"end":{"line":86,"column":1}},"line":76},"7":{"name":"(anonymous_7)","decl":{"start":{"line":88,"column":32},"end":{"line":88,"column":33}},"loc":{"start":{"line":95,"column":5},"end":{"line":155,"column":1}},"line":95},"8":{"name":"(anonymous_8)","decl":{"start":{"line":96,"column":21},"end":{"line":96,"column":22}},"loc":{"start":{"line":96,"column":42},"end":{"line":154,"column":3}},"line":96},"9":{"name":"(anonymous_9)","decl":{"start":{"line":98,"column":10},"end":{"line":98,"column":11}},"loc":{"start":{"line":98,"column":23},"end":{"line":146,"column":5}},"line":98},"10":{"name":"(anonymous_10)","decl":{"start":{"line":147,"column":12},"end":{"line":147,"column":13}},"loc":{"start":{"line":147,"column":25},"end":{"line":149,"column":7}},"line":147},"11":{"name":"(anonymous_11)","decl":{"start":{"line":150,"column":13},"end":{"line":150,"column":14}},"loc":{"start":{"line":150,"column":24},"end":{"line":153,"column":7}},"line":150},"12":{"name":"(anonymous_12)","decl":{"start":{"line":157,"column":35},"end":{"line":157,"column":36}},"loc":{"start":{"line":157,"column":46},"end":{"line":162,"column":1}},"line":157},"13":{"name":"(anonymous_13)","decl":{"start":{"line":164,"column":37},"end":{"line":164,"column":38}},"loc":{"start":{"line":164,"column":49},"end":{"line":173,"column":1}},"line":164},"14":{"name":"(anonymous_14)","decl":{"start":{"line":175,"column":32},"end":{"line":175,"column":33}},"loc":{"start":{"line":175,"column":58},"end":{"line":197,"column":1}},"line":175},"15":{"name":"(anonymous_15)","decl":{"start":{"line":176,"column":15},"end":{"line":176,"column":16}},"loc":{"start":{"line":176,"column":28},"end":{"line":196,"column":3}},"line":176}},"branchMap":{"0":{"loc":{"start":{"line":19,"column":2},"end":{"line":21,"column":3}},"type":"if","locations":[{"start":{"line":19,"column":2},"end":{"line":21,"column":3}},{"start":{},"end":{}}],"line":19},"1":{"loc":{"start":{"line":28,"column":2},"end":{"line":31,"column":3}},"type":"if","locations":[{"start":{"line":28,"column":2},"end":{"line":31,"column":3}},{"start":{},"end":{}}],"line":28},"2":{"loc":{"start":{"line":117,"column":8},"end":{"line":121,"column":9}},"type":"if","locations":[{"start":{"line":117,"column":8},"end":{"line":121,"column":9}},{"start":{"line":119,"column":15},"end":{"line":121,"column":9}}],"line":117},"3":{"loc":{"start":{"line":182,"column":4},"end":{"line":195,"column":5}},"type":"if","locations":[{"start":{"line":182,"column":4},"end":{"line":195,"column":5}},{"start":{},"end":{}}],"line":182},"4":{"loc":{"start":{"line":187,"column":6},"end":{"line":194,"column":7}},"type":"if","locations":[{"start":{"line":187,"column":6},"end":{"line":194,"column":7}},{"start":{},"end":{}}],"line":187}},"s":{"0":2,"1":0,"2":0,"3":0,"4":0,"5":0,"6":2,"7":0,"8":0,"9":0,"10":0,"11":0,"12":0,"13":0,"14":0,"15":0,"16":0,"17":2,"18":0,"19":0,"20":0,"21":0,"22":2,"23":0,"24":2,"25":0,"26":2,"27":0,"28":2,"29":0,"30":2,"31":0,"32":0,"33":0,"34":0,"35":0,"36":0,"37":0,"38":0,"39":0,"40":0,"41":0,"42":0,"43":0,"44":0,"45":0,"46":0,"47":0,"48":2,"49":0,"50":2,"51":0,"52":2,"53":0,"54":0,"55":0,"56":0,"57":0,"58":0,"59":0},"f":{"0":0,"1":0,"2":0,"3":0,"4":0,"5":0,"6":0,"7":0,"8":0,"9":0,"10":0,"11":0,"12":0,"13":0,"14":0,"15":0},"b":{"0":[0,0],"1":[0,0],"2":[0,0],"3":[0,0],"4":[0,0]},"_coverageSchema":"1a1c01bbd47fc00a2c39e90264f33305004495a9","hash":"0af4c461a4242a5f3bf406a7b3871aceb87f5849"}
,"/Users/gordonsung/Desktop/NTU/112-2/Software Dev Method/JourneyGO/JourneyGO/src/services/map.js": {"path":"/Users/gordonsung/Desktop/NTU/112-2/Software Dev Method/JourneyGO/JourneyGO/src/services/map.js","statementMap":{"0":{"start":{"line":6,"column":0},"end":{"line":6,"column":15}},"1":{"start":{"line":9,"column":17},"end":{"line":23,"column":1}},"2":{"start":{"line":10,"column":19},"end":{"line":10,"column":33}},"3":{"start":{"line":11,"column":17},"end":{"line":17,"column":5}},"4":{"start":{"line":18,"column":4},"end":{"line":22,"column":39}},"5":{"start":{"line":19,"column":8},"end":{"line":19,"column":34}},"6":{"start":{"line":20,"column":8},"end":{"line":20,"column":28}},"7":{"start":{"line":22,"column":20},"end":{"line":22,"column":38}},"8":{"start":{"line":24,"column":26},"end":{"line":75,"column":1}},"9":{"start":{"line":25,"column":19},"end":{"line":25,"column":33}},"10":{"start":{"line":26,"column":17},"end":{"line":34,"column":5}},"11":{"start":{"line":35,"column":4},"end":{"line":74,"column":6}},"12":{"start":{"line":37,"column":8},"end":{"line":37,"column":36}},"13":{"start":{"line":73,"column":8},"end":{"line":73,"column":24}},"14":{"start":{"line":77,"column":25},"end":{"line":108,"column":1}},"15":{"start":{"line":78,"column":19},"end":{"line":78,"column":33}},"16":{"start":{"line":79,"column":17},"end":{"line":85,"column":5}},"17":{"start":{"line":86,"column":4},"end":{"line":102,"column":6}},"18":{"start":{"line":87,"column":8},"end":{"line":87,"column":36}},"19":{"start":{"line":110,"column":24},"end":{"line":170,"column":1}},"20":{"start":{"line":111,"column":18},"end":{"line":111,"column":52}},"21":{"start":{"line":112,"column":4},"end":{"line":112,"column":22}},"22":{"start":{"line":113,"column":19},"end":{"line":113,"column":33}},"23":{"start":{"line":114,"column":22},"end":{"line":116,"column":6}},"24":{"start":{"line":115,"column":8},"end":{"line":115,"column":36}},"25":{"start":{"line":117,"column":23},"end":{"line":117,"column":54}},"26":{"start":{"line":117,"column":41},"end":{"line":117,"column":53}},"27":{"start":{"line":118,"column":4},"end":{"line":168,"column":5}},"28":{"start":{"line":119,"column":21},"end":{"line":130,"column":9}},"29":{"start":{"line":132,"column":8},"end":{"line":132,"column":25}},"30":{"start":{"line":133,"column":8},"end":{"line":164,"column":41}},"31":{"start":{"line":134,"column":12},"end":{"line":134,"column":38}},"32":{"start":{"line":135,"column":12},"end":{"line":162,"column":13}},"33":{"start":{"line":136,"column":16},"end":{"line":136,"column":36}},"34":{"start":{"line":139,"column":31},"end":{"line":159,"column":18}},"35":{"start":{"line":140,"column":20},"end":{"line":157,"column":21}},"36":{"start":{"line":141,"column":24},"end":{"line":147,"column":25}},"37":{"start":{"line":150,"column":24},"end":{"line":156,"column":25}},"38":{"start":{"line":160,"column":16},"end":{"line":161,"column":43}},"39":{"start":{"line":164,"column":24},"end":{"line":164,"column":40}},"40":{"start":{"line":167,"column":8},"end":{"line":167,"column":24}}},"fnMap":{"0":{"name":"(anonymous_0)","decl":{"start":{"line":9,"column":17},"end":{"line":9,"column":18}},"loc":{"start":{"line":9,"column":37},"end":{"line":23,"column":1}},"line":9},"1":{"name":"(anonymous_1)","decl":{"start":{"line":18,"column":46},"end":{"line":18,"column":47}},"loc":{"start":{"line":18,"column":58},"end":{"line":21,"column":5}},"line":18},"2":{"name":"(anonymous_2)","decl":{"start":{"line":22,"column":11},"end":{"line":22,"column":12}},"loc":{"start":{"line":22,"column":20},"end":{"line":22,"column":38}},"line":22},"3":{"name":"(anonymous_3)","decl":{"start":{"line":24,"column":26},"end":{"line":24,"column":27}},"loc":{"start":{"line":24,"column":52},"end":{"line":75,"column":1}},"line":24},"4":{"name":"(anonymous_4)","decl":{"start":{"line":35,"column":46},"end":{"line":35,"column":47}},"loc":{"start":{"line":35,"column":58},"end":{"line":72,"column":5}},"line":35},"5":{"name":"(anonymous_5)","decl":{"start":{"line":72,"column":13},"end":{"line":72,"column":14}},"loc":{"start":{"line":72,"column":20},"end":{"line":74,"column":5}},"line":72},"6":{"name":"(anonymous_6)","decl":{"start":{"line":77,"column":25},"end":{"line":77,"column":26}},"loc":{"start":{"line":77,"column":41},"end":{"line":108,"column":1}},"line":77},"7":{"name":"(anonymous_7)","decl":{"start":{"line":86,"column":46},"end":{"line":86,"column":47}},"loc":{"start":{"line":86,"column":58},"end":{"line":102,"column":5}},"line":86},"8":{"name":"(anonymous_8)","decl":{"start":{"line":110,"column":24},"end":{"line":110,"column":25}},"loc":{"start":{"line":110,"column":56},"end":{"line":170,"column":1}},"line":110},"9":{"name":"(anonymous_9)","decl":{"start":{"line":114,"column":32},"end":{"line":114,"column":33}},"loc":{"start":{"line":114,"column":40},"end":{"line":116,"column":5}},"line":114},"10":{"name":"(anonymous_10)","decl":{"start":{"line":117,"column":33},"end":{"line":117,"column":34}},"loc":{"start":{"line":117,"column":41},"end":{"line":117,"column":53}},"line":117},"11":{"name":"(anonymous_11)","decl":{"start":{"line":133,"column":50},"end":{"line":133,"column":51}},"loc":{"start":{"line":133,"column":62},"end":{"line":164,"column":9}},"line":133},"12":{"name":"(anonymous_12)","decl":{"start":{"line":139,"column":64},"end":{"line":139,"column":65}},"loc":{"start":{"line":139,"column":79},"end":{"line":159,"column":17}},"line":139},"13":{"name":"(anonymous_13)","decl":{"start":{"line":164,"column":17},"end":{"line":164,"column":18}},"loc":{"start":{"line":164,"column":24},"end":{"line":164,"column":40}},"line":164}},"branchMap":{"0":{"loc":{"start":{"line":118,"column":4},"end":{"line":168,"column":5}},"type":"if","locations":[{"start":{"line":118,"column":4},"end":{"line":168,"column":5}},{"start":{"line":166,"column":8},"end":{"line":168,"column":5}}],"line":118},"1":{"loc":{"start":{"line":135,"column":12},"end":{"line":162,"column":13}},"type":"if","locations":[{"start":{"line":135,"column":12},"end":{"line":162,"column":13}},{"start":{"line":138,"column":16},"end":{"line":162,"column":13}}],"line":135},"2":{"loc":{"start":{"line":140,"column":20},"end":{"line":157,"column":21}},"type":"if","locations":[{"start":{"line":140,"column":20},"end":{"line":157,"column":21}},{"start":{"line":149,"column":24},"end":{"line":157,"column":21}}],"line":140}},"s":{"0":1,"1":1,"2":0,"3":0,"4":0,"5":0,"6":0,"7":0,"8":1,"9":0,"10":0,"11":0,"12":0,"13":0,"14":1,"15":0,"16":0,"17":0,"18":0,"19":1,"20":0,"21":0,"22":0,"23":0,"24":0,"25":0,"26":0,"27":0,"28":0,"29":0,"30":0,"31":0,"32":0,"33":0,"34":0,"35":0,"36":0,"37":0,"38":0,"39":0,"40":0},"f":{"0":0,"1":0,"2":0,"3":0,"4":0,"5":0,"6":0,"7":0,"8":0,"9":0,"10":0,"11":0,"12":0,"13":0},"b":{"0":[0,0],"1":[0,0],"2":[0,0]},"_coverageSchema":"1a1c01bbd47fc00a2c39e90264f33305004495a9","hash":"4b3955b8f7f1118a4942f2e3d25a4b04ee8dcbd2"}
,"/Users/gordonsung/Desktop/NTU/112-2/Software Dev Method/JourneyGO/JourneyGO/src/services/yelp.js": {"path":"/Users/gordonsung/Desktop/NTU/112-2/Software Dev Method/JourneyGO/JourneyGO/src/services/yelp.js","statementMap":{"0":{"start":{"line":4,"column":0},"end":{"line":4,"column":16}},"1":{"start":{"line":6,"column":32},"end":{"line":23,"column":1}},"2":{"start":{"line":7,"column":17},"end":{"line":7,"column":54}},"3":{"start":{"line":8,"column":2},"end":{"line":8,"column":40}},"4":{"start":{"line":9,"column":2},"end":{"line":22,"column":7}},"5":{"start":{"line":18,"column":6},"end":{"line":18,"column":22}},"6":{"start":{"line":21,"column":6},"end":{"line":21,"column":15}}},"fnMap":{"0":{"name":"(anonymous_0)","decl":{"start":{"line":6,"column":32},"end":{"line":6,"column":33}},"loc":{"start":{"line":6,"column":79},"end":{"line":23,"column":1}},"line":6},"1":{"name":"(anonymous_1)","decl":{"start":{"line":17,"column":10},"end":{"line":17,"column":11}},"loc":{"start":{"line":17,"column":24},"end":{"line":19,"column":5}},"line":17},"2":{"name":"(anonymous_2)","decl":{"start":{"line":20,"column":11},"end":{"line":20,"column":12}},"loc":{"start":{"line":20,"column":18},"end":{"line":22,"column":5}},"line":20}},"branchMap":{},"s":{"0":1,"1":1,"2":0,"3":0,"4":0,"5":0,"6":0},"f":{"0":0,"1":0,"2":0},"b":{},"_coverageSchema":"1a1c01bbd47fc00a2c39e90264f33305004495a9","hash":"221c253a3e49ee6a75a4937401b4a4fe2e31a967"}
}
